2026-03-19T14:03:53.137Z [INFO] [Lingo.dev] 🔄 Processing: POST /translations/hi
2026-03-19T14:03:53.606Z [DEBUG] [Lingo.dev] POST /translations/hi
2026-03-19T14:03:53.635Z [DEBUG] [Lingo.dev] Reading request body...
2026-03-19T14:03:53.639Z [DEBUG] [Lingo.dev] Chunk read, body: {"hashes":["3c417c6a1f85","e9e80bd223c8"]}
2026-03-19T14:03:53.642Z [DEBUG] [Lingo.dev] Parsed hashes: 3c417c6a1f85,e9e80bd223c8
2026-03-19T14:03:53.644Z [DEBUG] [Lingo.dev] Reloaded metadata: 0 entries
2026-03-19T14:03:53.647Z [INFO] [Lingo.dev] 🔄 Translating 2 hashes to hi
2026-03-19T14:03:53.649Z [DEBUG] [Lingo.dev] 🔄 Hashes: 3c417c6a1f85, e9e80bd223c8
2026-03-19T14:03:53.651Z [DEBUG] [Lingo.dev] [BUSY] Server is now busy (1 active)
2026-03-19T14:03:53.653Z [DEBUG] [Lingo.dev] [IDLE] Server is now idle
2026-03-19T14:03:55.349Z [INFO] [Lingo.dev] 📥 Received: OPTIONS /translations/hi
2026-03-19T14:03:55.362Z [INFO] [Lingo.dev] 🔄 Processing: OPTIONS /translations/hi
2026-03-19T14:03:55.363Z [DEBUG] [Lingo.dev] OPTIONS /translations/hi
2026-03-19T14:03:55.364Z [INFO] [Lingo.dev] 📥 Received: POST /translations/hi
2026-03-19T14:03:55.365Z [INFO] [Lingo.dev] 🔄 Processing: POST /translations/hi
2026-03-19T14:03:55.365Z [DEBUG] [Lingo.dev] POST /translations/hi
2026-03-19T14:03:55.366Z [DEBUG] [Lingo.dev] Reading request body...
2026-03-19T14:03:55.367Z [DEBUG] [Lingo.dev] Chunk read, body: {"hashes":["c037e047ac1e","058ff93b5b40","a0a30c7daf86","0be50eebdd3a","14914107e5a6","a2599375b6a5","7bc3bbe84e86","22acd8e5bf4d","091aeb3e2052","ae8abd5faf39","7d111caf2d95","030227031a9a","25282ee8534b","63df96687654","864e5465963b","9d486c9e85b9","16d2790fd0f6","b3dbee8118a6","48a4fe7e0a5d","1338b6be425e","15d904247f4c","5519f34daf63","6aa5db7c048d","d64ca1b0a06a","dd8b5bff1d7b","44daed99c448","0764251df7d7","d09399eb8bb4","5244cdfa83b0","62dd374c2de2","3b50d18eaff9","8d0f95b0caa8","feeede665cb3","5fc99a62bf16","069af8401102","22b50fc1e332","459f8d7cba8d","5a229912a483","a52d37ba1ef8","f06c06a36154","75b62edfc3a3","2564b6b35f40","c08b14bd0621","d55cb5c1f1a7","f4445e80d237","e434cf6c70b6","7b11fa04f45c","668f7ceffbd0","6c7f9f834e3b","b9e3c1faeb98","14c6967ebc9f","4cd9c764d0ac","d094ca58427b","928e4ab7582f","78a9c89eabc0","d5a0d873f9ec","16e954f1f4d2","8608f4804b04","8535ff973285","09410dafdb0b","6d2023cd7229","6304e92996f9","c6e015120068","e4ce5990e6bb","1c39d5ec8278","9bc602c0b043","792993256a19","c22504bf81e4","6fde7dc8d6fb","96252d862366","c7653b4f8c2b","979c462adde4","5a3e22635a66","108650372369","6918d25bd599","6e0484074113","8d5f02d8a61e","fa18761e8450","063b9f591fea","aa5cdf75046a","d821ae9c8b59","f3cca69dbcab","e2fbad4a92d0","da020e343aee","554835056d07","74e31d854dcb","c0c365c95c7d","4ac06fa10aba","027b3c10b0da","08a3f3e298e7","ded0df910a4d","26cc67ad4783","36a6bfd81861","63610f7fd5d1","a101d751e38f","a208e5965841","df303aa4b9a4","b167b441f984","189c491898ea","51b4efee9d6c","63a65c245e55","f26a4ba6b85f","95f2346c84e1","c034b750c4d3","76eb9c56ce19","6dcb796b30c1","36425b4a55a8"]}
2026-03-19T14:03:55.367Z [DEBUG] [Lingo.dev] Parsed hashes: c037e047ac1e,058ff93b5b40,a0a30c7daf86,0be50eebdd3a,14914107e5a6,a2599375b6a5,7bc3bbe84e86,22acd8e5bf4d,091aeb3e2052,ae8abd5faf39,7d111caf2d95,030227031a9a,25282ee8534b,63df96687654,864e5465963b,9d486c9e85b9,16d2790fd0f6,b3dbee8118a6,48a4fe7e0a5d,1338b6be425e,15d904247f4c,5519f34daf63,6aa5db7c048d,d64ca1b0a06a,dd8b5bff1d7b,44daed99c448,0764251df7d7,d09399eb8bb4,5244cdfa83b0,62dd374c2de2,3b50d18eaff9,8d0f95b0caa8,feeede665cb3,5fc99a62bf16,069af8401102,22b50fc1e332,459f8d7cba8d,5a229912a483,a52d37ba1ef8,f06c06a36154,75b62edfc3a3,2564b6b35f40,c08b14bd0621,d55cb5c1f1a7,f4445e80d237,e434cf6c70b6,7b11fa04f45c,668f7ceffbd0,6c7f9f834e3b,b9e3c1faeb98,14c6967ebc9f,4cd9c764d0ac,d094ca58427b,928e4ab7582f,78a9c89eabc0,d5a0d873f9ec,16e954f1f4d2,8608f4804b04,8535ff973285,09410dafdb0b,6d2023cd7229,6304e92996f9,c6e015120068,e4ce5990e6bb,1c39d5ec8278,9bc602c0b043,792993256a19,c22504bf81e4,6fde7dc8d6fb,96252d862366,c7653b4f8c2b,979c462adde4,5a3e22635a66,108650372369,6918d25bd599,6e0484074113,8d5f02d8a61e,fa18761e8450,063b9f591fea,aa5cdf75046a,d821ae9c8b59,f3cca69dbcab,e2fbad4a92d0,da020e343aee,554835056d07,74e31d854dcb,c0c365c95c7d,4ac06fa10aba,027b3c10b0da,08a3f3e298e7,ded0df910a4d,26cc67ad4783,36a6bfd81861,63610f7fd5d1,a101d751e38f,a208e5965841,df303aa4b9a4,b167b441f984,189c491898ea,51b4efee9d6c,63a65c245e55,f26a4ba6b85f,95f2346c84e1,c034b750c4d3,76eb9c56ce19,6dcb796b30c1,36425b4a55a8
2026-03-19T14:03:55.368Z [DEBUG] [Lingo.dev] Reloaded metadata: 0 entries
2026-03-19T14:03:55.370Z [INFO] [Lingo.dev] 🔄 Translating 107 hashes to hi
2026-03-19T14:03:55.372Z [DEBUG] [Lingo.dev] 🔄 Hashes: c037e047ac1e, 058ff93b5b40, a0a30c7daf86, 0be50eebdd3a, 14914107e5a6, a2599375b6a5, 7bc3bbe84e86, 22acd8e5bf4d, 091aeb3e2052, ae8abd5faf39, 7d111caf2d95, 030227031a9a, 25282ee8534b, 63df96687654, 864e5465963b, 9d486c9e85b9, 16d2790fd0f6, b3dbee8118a6, 48a4fe7e0a5d, 1338b6be425e, 15d904247f4c, 5519f34daf63, 6aa5db7c048d, d64ca1b0a06a, dd8b5bff1d7b, 44daed99c448, 0764251df7d7, d09399eb8bb4, 5244cdfa83b0, 62dd374c2de2, 3b50d18eaff9, 8d0f95b0caa8, feeede665cb3, 5fc99a62bf16, 069af8401102, 22b50fc1e332, 459f8d7cba8d, 5a229912a483, a52d37ba1ef8, f06c06a36154, 75b62edfc3a3, 2564b6b35f40, c08b14bd0621, d55cb5c1f1a7, f4445e80d237, e434cf6c70b6, 7b11fa04f45c, 668f7ceffbd0, 6c7f9f834e3b, b9e3c1faeb98, 14c6967ebc9f, 4cd9c764d0ac, d094ca58427b, 928e4ab7582f, 78a9c89eabc0, d5a0d873f9ec, 16e954f1f4d2, 8608f4804b04, 8535ff973285, 09410dafdb0b, 6d2023cd7229, 6304e92996f9, c6e015120068, e4ce5990e6bb, 1c39d5ec8278, 9bc602c0b043, 792993256a19, c22504bf81e4, 6fde7dc8d6fb, 96252d862366, c7653b4f8c2b, 979c462adde4, 5a3e22635a66, 108650372369, 6918d25bd599, 6e0484074113, 8d5f02d8a61e, fa18761e8450, 063b9f591fea, aa5cdf75046a, d821ae9c8b59, f3cca69dbcab, e2fbad4a92d0, da020e343aee, 554835056d07, 74e31d854dcb, c0c365c95c7d, 4ac06fa10aba, 027b3c10b0da, 08a3f3e298e7, ded0df910a4d, 26cc67ad4783, 36a6bfd81861, 63610f7fd5d1, a101d751e38f, a208e5965841, df303aa4b9a4, b167b441f984, 189c491898ea, 51b4efee9d6c, 63a65c245e55, f26a4ba6b85f, 95f2346c84e1, c034b750c4d3, 76eb9c56ce19, 6dcb796b30c1, 36425b4a55a8
2026-03-19T14:03:55.373Z [DEBUG] [Lingo.dev] [BUSY] Server is now busy (1 active)
2026-03-19T14:03:55.862Z [DEBUG] [Lingo.dev] [IDLE] Server is now idle
2026-03-19T14:05:56.652Z [INFO] [Lingo.dev] 📥 Received: POST /translations/en
2026-03-19T14:05:56.687Z [INFO] [Lingo.dev] 🔄 Processing: POST /translations/en
2026-03-19T14:05:56.689Z [DEBUG] [Lingo.dev] POST /translations/en
2026-03-19T14:05:56.691Z [DEBUG] [Lingo.dev] Reading request body...
2026-03-19T14:05:56.693Z [DEBUG] [Lingo.dev] Chunk read, body: {"hashes":["3c417c6a1f85","e9e80bd223c8"]}
2026-03-19T14:05:56.694Z [DEBUG] [Lingo.dev] Parsed hashes: 3c417c6a1f85,e9e80bd223c8
2026-03-19T14:05:56.695Z [DEBUG] [Lingo.dev] Reloaded metadata: 0 entries
2026-03-19T14:05:56.696Z [INFO] [Lingo.dev] 🔄 Translating 2 hashes to en
2026-03-19T14:05:56.698Z [DEBUG] [Lingo.dev] 🔄 Hashes: 3c417c6a1f85, e9e80bd223c8
2026-03-19T14:05:56.700Z [DEBUG] [Lingo.dev] [BUSY] Server is now busy (1 active)
2026-03-19T14:05:56.791Z [INFO] [Lingo.dev] 📥 Received: POST /translations/en
2026-03-19T14:05:56.826Z [INFO] [Lingo.dev] 🔄 Processing: POST /translations/en
2026-03-19T14:05:56.831Z [DEBUG] [Lingo.dev] POST /translations/en
2026-03-19T14:05:56.833Z [DEBUG] [Lingo.dev] Reading request body...
2026-03-19T14:05:56.834Z [DEBUG] [Lingo.dev] Chunk read, body: {"hashes":["3c417c6a1f85","e9e80bd223c8"]}
2026-03-19T14:05:56.835Z [DEBUG] [Lingo.dev] Parsed hashes: 3c417c6a1f85,e9e80bd223c8
2026-03-19T14:05:56.836Z [DEBUG] [Lingo.dev] Reloaded metadata: 0 entries
2026-03-19T14:05:56.838Z [INFO] [Lingo.dev] 🔄 Translating 2 hashes to en
2026-03-19T14:05:56.839Z [DEBUG] [Lingo.dev] 🔄 Hashes: 3c417c6a1f85, e9e80bd223c8
2026-03-19T14:05:57.302Z [DEBUG] [Lingo.dev] [IDLE] Server is now idle
2026-03-19T14:05:58.664Z [INFO] [Lingo.dev] 📥 Received: POST /translations/en
2026-03-19T14:05:58.790Z [INFO] [Lingo.dev] 🔄 Processing: POST /translations/en
2026-03-19T14:05:58.818Z [DEBUG] [Lingo.dev] POST /translations/en
2026-03-19T14:05:58.824Z [DEBUG] [Lingo.dev] Reading request body...
2026-03-19T14:05:58.826Z [DEBUG] [Lingo.dev] Chunk read, body: {"hashes":["3c417c6a1f85","e9e80bd223c8"]}
2026-03-19T14:05:58.836Z [DEBUG] [Lingo.dev] Parsed hashes: 3c417c6a1f85,e9e80bd223c8
2026-03-19T14:05:58.839Z [DEBUG] [Lingo.dev] Reloaded metadata: 0 entries
2026-03-19T14:05:58.841Z [INFO] [Lingo.dev] 🔄 Translating 2 hashes to en
2026-03-19T14:05:58.843Z [DEBUG] [Lingo.dev] 🔄 Hashes: 3c417c6a1f85, e9e80bd223c8
2026-03-19T14:05:58.845Z [DEBUG] [Lingo.dev] [BUSY] Server is now busy (1 active)
2026-03-19T14:05:59.175Z [DEBUG] [Lingo.dev] [IDLE] Server is now idle
2026-03-19T14:05:59.872Z [INFO] [Lingo.dev] 📥 Received: OPTIONS /translations/en
2026-03-19T14:05:59.879Z [INFO] [Lingo.dev] 🔄 Processing: OPTIONS /translations/en
2026-03-19T14:05:59.880Z [DEBUG] [Lingo.dev] OPTIONS /translations/en
2026-03-19T14:05:59.881Z [INFO] [Lingo.dev] 📥 Received: POST /translations/en
2026-03-19T14:05:59.881Z [INFO] [Lingo.dev] 🔄 Processing: POST /translations/en
2026-03-19T14:05:59.882Z [DEBUG] [Lingo.dev] POST /translations/en
2026-03-19T14:05:59.883Z [DEBUG] [Lingo.dev] Reading request body...
2026-03-19T14:05:59.884Z [DEBUG] [Lingo.dev] Chunk read, body: {"hashes":["c037e047ac1e","058ff93b5b40","a0a30c7daf86","0be50eebdd3a","14914107e5a6","a2599375b6a5","7bc3bbe84e86","22acd8e5bf4d","091aeb3e2052","ae8abd5faf39","7d111caf2d95","030227031a9a","25282ee8534b","63df96687654","864e5465963b","9d486c9e85b9","16d2790fd0f6","b3dbee8118a6","48a4fe7e0a5d","1338b6be425e","15d904247f4c","5519f34daf63","6aa5db7c048d","d64ca1b0a06a","dd8b5bff1d7b","44daed99c448","0764251df7d7","d09399eb8bb4","5244cdfa83b0","62dd374c2de2","3b50d18eaff9","8d0f95b0caa8","feeede665cb3","5fc99a62bf16","069af8401102","22b50fc1e332","459f8d7cba8d","5a229912a483","a52d37ba1ef8","f06c06a36154","75b62edfc3a3","2564b6b35f40","c08b14bd0621","d55cb5c1f1a7","f4445e80d237","e434cf6c70b6","7b11fa04f45c","668f7ceffbd0","6c7f9f834e3b","b9e3c1faeb98","14c6967ebc9f","4cd9c764d0ac","d094ca58427b","928e4ab7582f","78a9c89eabc0","d5a0d873f9ec","16e954f1f4d2","8608f4804b04","8535ff973285","09410dafdb0b","6d2023cd7229","6304e92996f9","c6e015120068","e4ce5990e6bb","1c39d5ec8278","9bc602c0b043","792993256a19","c22504bf81e4","6fde7dc8d6fb","96252d862366","c7653b4f8c2b","979c462adde4","5a3e22635a66","108650372369","6918d25bd599","6e0484074113","8d5f02d8a61e","fa18761e8450","063b9f591fea","aa5cdf75046a","d821ae9c8b59","f3cca69dbcab","e2fbad4a92d0","da020e343aee","554835056d07","74e31d854dcb","c0c365c95c7d","4ac06fa10aba","027b3c10b0da","08a3f3e298e7","ded0df910a4d","26cc67ad4783","36a6bfd81861","63610f7fd5d1","a101d751e38f","a208e5965841","df303aa4b9a4","b167b441f984","189c491898ea","51b4efee9d6c","63a65c245e55","f26a4ba6b85f","95f2346c84e1","c034b750c4d3","76eb9c56ce19","6dcb796b30c1","36425b4a55a8"]}
2026-03-19T14:05:59.884Z [DEBUG] [Lingo.dev] Parsed hashes: c037e047ac1e,058ff93b5b40,a0a30c7daf86,0be50eebdd3a,14914107e5a6,a2599375b6a5,7bc3bbe84e86,22acd8e5bf4d,091aeb3e2052,ae8abd5faf39,7d111caf2d95,030227031a9a,25282ee8534b,63df96687654,864e5465963b,9d486c9e85b9,16d2790fd0f6,b3dbee8118a6,48a4fe7e0a5d,1338b6be425e,15d904247f4c,5519f34daf63,6aa5db7c048d,d64ca1b0a06a,dd8b5bff1d7b,44daed99c448,0764251df7d7,d09399eb8bb4,5244cdfa83b0,62dd374c2de2,3b50d18eaff9,8d0f95b0caa8,feeede665cb3,5fc99a62bf16,069af8401102,22b50fc1e332,459f8d7cba8d,5a229912a483,a52d37ba1ef8,f06c06a36154,75b62edfc3a3,2564b6b35f40,c08b14bd0621,d55cb5c1f1a7,f4445e80d237,e434cf6c70b6,7b11fa04f45c,668f7ceffbd0,6c7f9f834e3b,b9e3c1faeb98,14c6967ebc9f,4cd9c764d0ac,d094ca58427b,928e4ab7582f,78a9c89eabc0,d5a0d873f9ec,16e954f1f4d2,8608f4804b04,8535ff973285,09410dafdb0b,6d2023cd7229,6304e92996f9,c6e015120068,e4ce5990e6bb,1c39d5ec8278,9bc602c0b043,792993256a19,c22504bf81e4,6fde7dc8d6fb,96252d862366,c7653b4f8c2b,979c462adde4,5a3e22635a66,108650372369,6918d25bd599,6e0484074113,8d5f02d8a61e,fa18761e8450,063b9f591fea,aa5cdf75046a,d821ae9c8b59,f3cca69dbcab,e2fbad4a92d0,da020e343aee,554835056d07,74e31d854dcb,c0c365c95c7d,4ac06fa10aba,027b3c10b0da,08a3f3e298e7,ded0df910a4d,26cc67ad4783,36a6bfd81861,63610f7fd5d1,a101d751e38f,a208e5965841,df303aa4b9a4,b167b441f984,189c491898ea,51b4efee9d6c,63a65c245e55,f26a4ba6b85f,95f2346c84e1,c034b750c4d3,76eb9c56ce19,6dcb796b30c1,36425b4a55a8
2026-03-19T14:05:59.885Z [DEBUG] [Lingo.dev] Reloaded metadata: 0 entries
2026-03-19T14:05:59.885Z [INFO] [Lingo.dev] 🔄 Translating 107 hashes to en
2026-03-19T14:05:59.886Z [DEBUG] [Lingo.dev] 🔄 Hashes: c037e047ac1e, 058ff93b5b40, a0a30c7daf86, 0be50eebdd3a, 14914107e5a6, a2599375b6a5, 7bc3bbe84e86, 22acd8e5bf4d, 091aeb3e2052, ae8abd5faf39, 7d111caf2d95, 030227031a9a, 25282ee8534b, 63df96687654, 864e5465963b, 9d486c9e85b9, 16d2790fd0f6, b3dbee8118a6, 48a4fe7e0a5d, 1338b6be425e, 15d904247f4c, 5519f34daf63, 6aa5db7c048d, d64ca1b0a06a, dd8b5bff1d7b, 44daed99c448, 0764251df7d7, d09399eb8bb4, 5244cdfa83b0, 62dd374c2de2, 3b50d18eaff9, 8d0f95b0caa8, feeede665cb3, 5fc99a62bf16, 069af8401102, 22b50fc1e332, 459f8d7cba8d, 5a229912a483, a52d37ba1ef8, f06c06a36154, 75b62edfc3a3, 2564b6b35f40, c08b14bd0621, d55cb5c1f1a7, f4445e80d237, e434cf6c70b6, 7b11fa04f45c, 668f7ceffbd0, 6c7f9f834e3b, b9e3c1faeb98, 14c6967ebc9f, 4cd9c764d0ac, d094ca58427b, 928e4ab7582f, 78a9c89eabc0, d5a0d873f9ec, 16e954f1f4d2, 8608f4804b04, 8535ff973285, 09410dafdb0b, 6d2023cd7229, 6304e92996f9, c6e015120068, e4ce5990e6bb, 1c39d5ec8278, 9bc602c0b043, 792993256a19, c22504bf81e4, 6fde7dc8d6fb, 96252d862366, c7653b4f8c2b, 979c462adde4, 5a3e22635a66, 108650372369, 6918d25bd599, 6e0484074113, 8d5f02d8a61e, fa18761e8450, 063b9f591fea, aa5cdf75046a, d821ae9c8b59, f3cca69dbcab, e2fbad4a92d0, da020e343aee, 554835056d07, 74e31d854dcb, c0c365c95c7d, 4ac06fa10aba, 027b3c10b0da, 08a3f3e298e7, ded0df910a4d, 26cc67ad4783, 36a6bfd81861, 63610f7fd5d1, a101d751e38f, a208e5965841, df303aa4b9a4, b167b441f984, 189c491898ea, 51b4efee9d6c, 63a65c245e55, f26a4ba6b85f, 95f2346c84e1, c034b750c4d3, 76eb9c56ce19, 6dcb796b30c1, 36425b4a55a8
2026-03-19T14:05:59.886Z [DEBUG] [Lingo.dev] [BUSY] Server is now busy (1 active)
2026-03-19T14:06:00.379Z [DEBUG] [Lingo.dev] [IDLE] Server is now idle
2026-03-19T14:14:19.592Z [INFO] [Lingo.dev] 📥 Received: POST /translations/en
2026-03-19T14:14:19.634Z [INFO] [Lingo.dev] 🔄 Processing: POST /translations/en
2026-03-19T14:14:19.650Z [DEBUG] [Lingo.dev] POST /translations/en
2026-03-19T14:14:19.656Z [DEBUG] [Lingo.dev] Reading request body...
2026-03-19T14:14:19.669Z [DEBUG] [Lingo.dev] Chunk read, body: {"hashes":["3c417c6a1f85","e9e80bd223c8"]}
2026-03-19T14:14:19.692Z [DEBUG] [Lingo.dev] Parsed hashes: 3c417c6a1f85,e9e80bd223c8
2026-03-19T14:14:19.700Z [DEBUG] [Lingo.dev] Reloaded metadata: 0 entries
2026-03-19T14:14:19.707Z [INFO] [Lingo.dev] 🔄 Translating 2 hashes to en
2026-03-19T14:14:19.711Z [DEBUG] [Lingo.dev] 🔄 Hashes: 3c417c6a1f85, e9e80bd223c8
2026-03-19T14:14:19.716Z [DEBUG] [Lingo.dev] [BUSY] Server is now busy (1 active)
2026-03-19T14:14:20.109Z [DEBUG] [Lingo.dev] [IDLE] Server is now idle
2026-03-19T14:14:20.440Z [INFO] [Lingo.dev] 📥 Received: OPTIONS /translations/en
2026-03-19T14:14:20.442Z [INFO] [Lingo.dev] 🔄 Processing: OPTIONS /translations/en
2026-03-19T14:14:20.443Z [DEBUG] [Lingo.dev] OPTIONS /translations/en
2026-03-19T14:14:20.475Z [INFO] [Lingo.dev] 📥 Received: POST /translations/en
2026-03-19T14:14:20.487Z [INFO] [Lingo.dev] 🔄 Processing: POST /translations/en
2026-03-19T14:14:20.491Z [DEBUG] [Lingo.dev] POST /translations/en
2026-03-19T14:14:20.502Z [DEBUG] [Lingo.dev] Reading request body...
2026-03-19T14:14:20.504Z [DEBUG] [Lingo.dev] Chunk read, body: {"hashes":["f8fe30a50562","fa6c983080be","21be3979d342","bdbebc445195","d30a2163dd2e","ec74a9fb4cd8","ec1a7f1bd1f3","91c5b4fde7cf","fe2a948b54c6","61a45881016c","f73a0e6bacf5","0783b847bb10","b030902721d0"]}
2026-03-19T14:14:20.507Z [DEBUG] [Lingo.dev] Parsed hashes: f8fe30a50562,fa6c983080be,21be3979d342,bdbebc445195,d30a2163dd2e,ec74a9fb4cd8,ec1a7f1bd1f3,91c5b4fde7cf,fe2a948b54c6,61a45881016c,f73a0e6bacf5,0783b847bb10,b030902721d0
2026-03-19T14:14:20.509Z [DEBUG] [Lingo.dev] Reloaded metadata: 0 entries
2026-03-19T14:14:20.512Z [INFO] [Lingo.dev] 🔄 Translating 13 hashes to en
2026-03-19T14:14:20.513Z [DEBUG] [Lingo.dev] 🔄 Hashes: f8fe30a50562, fa6c983080be, 21be3979d342, bdbebc445195, d30a2163dd2e, ec74a9fb4cd8, ec1a7f1bd1f3, 91c5b4fde7cf, fe2a948b54c6, 61a45881016c, f73a0e6bacf5, 0783b847bb10, b030902721d0
2026-03-19T14:14:20.514Z [DEBUG] [Lingo.dev] [BUSY] Server is now busy (1 active)
2026-03-19T14:14:20.987Z [DEBUG] [Lingo.dev] [IDLE] Server is now idle
2026-03-19T14:14:21.092Z [INFO] [Lingo.dev] 📥 Received: POST /translations/en
2026-03-19T14:14:21.103Z [INFO] [Lingo.dev] 🔄 Processing: POST /translations/en
2026-03-19T14:14:21.105Z [DEBUG] [Lingo.dev] POST /translations/en
2026-03-19T14:14:21.106Z [DEBUG] [Lingo.dev] Reading request body...
2026-03-19T14:14:21.107Z [DEBUG] [Lingo.dev] Chunk read, body: {"hashes":["a4b5c7b55768","39a12f8d9dd2","1b46876dfd19","248384e3c431","1404642cc9ca","9616ac37342b"]}
2026-03-19T14:14:21.108Z [DEBUG] [Lingo.dev] Parsed hashes: a4b5c7b55768,39a12f8d9dd2,1b46876dfd19,248384e3c431,1404642cc9ca,9616ac37342b
2026-03-19T14:14:21.110Z [DEBUG] [Lingo.dev] Reloaded metadata: 0 entries
2026-03-19T14:14:21.111Z [INFO] [Lingo.dev] 🔄 Translating 6 hashes to en
2026-03-19T14:14:21.113Z [DEBUG] [Lingo.dev] 🔄 Hashes: a4b5c7b55768, 39a12f8d9dd2, 1b46876dfd19, 248384e3c431, 1404642cc9ca, 9616ac37342b
2026-03-19T14:14:21.114Z [DEBUG] [Lingo.dev] [BUSY] Server is now busy (1 active)
2026-03-19T14:14:21.603Z [DEBUG] [Lingo.dev] [IDLE] Server is now idle
2026-03-19T14:14:31.429Z [INFO] [Lingo.dev] 📥 Received: POST /translations/en
2026-03-19T14:14:31.462Z [INFO] [Lingo.dev] 🔄 Processing: POST /translations/en
2026-03-19T14:14:31.472Z [DEBUG] [Lingo.dev] POST /translations/en
2026-03-19T14:14:31.480Z [DEBUG] [Lingo.dev] Reading request body...
2026-03-19T14:14:31.488Z [DEBUG] [Lingo.dev] Chunk read, body: {"hashes":["3c417c6a1f85","e9e80bd223c8"]}
2026-03-19T14:14:31.495Z [DEBUG] [Lingo.dev] Parsed hashes: 3c417c6a1f85,e9e80bd223c8
2026-03-19T14:14:31.498Z [DEBUG] [Lingo.dev] Reloaded metadata: 0 entries
2026-03-19T14:14:31.500Z [INFO] [Lingo.dev] 🔄 Translating 2 hashes to en
2026-03-19T14:14:31.501Z [DEBUG] [Lingo.dev] 🔄 Hashes: 3c417c6a1f85, e9e80bd223c8
2026-03-19T14:14:31.504Z [DEBUG] [Lingo.dev] [BUSY] Server is now busy (1 active)
2026-03-19T14:14:31.961Z [DEBUG] [Lingo.dev] [IDLE] Server is now idle
2026-03-19T14:14:32.015Z [INFO] [Lingo.dev] 📥 Received: OPTIONS /translations/en
2026-03-19T14:14:32.037Z [INFO] [Lingo.dev] 🔄 Processing: OPTIONS /translations/en
2026-03-19T14:14:32.047Z [DEBUG] [Lingo.dev] OPTIONS /translations/en
2026-03-19T14:14:32.049Z [INFO] [Lingo.dev] 📥 Received: POST /translations/en
2026-03-19T14:14:32.058Z [INFO] [Lingo.dev] 🔄 Processing: POST /translations/en
2026-03-19T14:14:32.069Z [DEBUG] [Lingo.dev] POST /translations/en
2026-03-19T14:14:32.075Z [DEBUG] [Lingo.dev] Reading request body...
2026-03-19T14:14:32.076Z [DEBUG] [Lingo.dev] Chunk read, body: {"hashes":["f34d774263a5","76a70aba1089","b0559e52f403","b8e16bef6b5d","7976f1836587","01844e738672","55ec0e708a30","81ec4141862a","1dec48e8408b"]}
2026-03-19T14:14:32.081Z [DEBUG] [Lingo.dev] Parsed hashes: f34d774263a5,76a70aba1089,b0559e52f403,b8e16bef6b5d,7976f1836587,01844e738672,55ec0e708a30,81ec4141862a,1dec48e8408b
2026-03-19T14:14:32.085Z [DEBUG] [Lingo.dev] Reloaded metadata: 0 entries
2026-03-19T14:14:32.088Z [INFO] [Lingo.dev] 🔄 Translating 9 hashes to en
2026-03-19T14:14:32.089Z [DEBUG] [Lingo.dev] 🔄 Hashes: f34d774263a5, 76a70aba1089, b0559e52f403, b8e16bef6b5d, 7976f1836587, 01844e738672, 55ec0e708a30, 81ec4141862a, 1dec48e8408b
2026-03-19T14:14:32.095Z [DEBUG] [Lingo.dev] [BUSY] Server is now busy (1 active)
2026-03-19T14:14:32.575Z [DEBUG] [Lingo.dev] [IDLE] Server is now idle
2026-03-19T14:14:33.886Z [INFO] [Lingo.dev] 📥 Received: POST /translations/en
2026-03-19T14:14:33.935Z [INFO] [Lingo.dev] 🔄 Processing: POST /translations/en
2026-03-19T14:14:33.940Z [DEBUG] [Lingo.dev] POST /translations/en
2026-03-19T14:14:33.945Z [DEBUG] [Lingo.dev] Reading request body...
2026-03-19T14:14:33.949Z [DEBUG] [Lingo.dev] Chunk read, body: {"hashes":["3c417c6a1f85","e9e80bd223c8"]}
2026-03-19T14:14:33.957Z [DEBUG] [Lingo.dev] Parsed hashes: 3c417c6a1f85,e9e80bd223c8
2026-03-19T14:14:33.969Z [DEBUG] [Lingo.dev] Reloaded metadata: 0 entries
2026-03-19T14:14:33.986Z [INFO] [Lingo.dev] 🔄 Translating 2 hashes to en
2026-03-19T14:14:33.997Z [DEBUG] [Lingo.dev] 🔄 Hashes: 3c417c6a1f85, e9e80bd223c8
2026-03-19T14:14:34.004Z [DEBUG] [Lingo.dev] [BUSY] Server is now busy (1 active)
2026-03-19T14:14:34.233Z [INFO] [Lingo.dev] 📥 Received: POST /translations/en
2026-03-19T14:14:34.245Z [INFO] [Lingo.dev] 🔄 Processing: POST /translations/en
2026-03-19T14:14:34.263Z [DEBUG] [Lingo.dev] POST /translations/en
2026-03-19T14:14:34.265Z [DEBUG] [Lingo.dev] Reading request body...
2026-03-19T14:14:34.268Z [DEBUG] [Lingo.dev] Chunk read, body: {"hashes":["3c417c6a1f85","e9e80bd223c8"]}
2026-03-19T14:14:34.272Z [DEBUG] [Lingo.dev] Parsed hashes: 3c417c6a1f85,e9e80bd223c8
2026-03-19T14:14:34.273Z [DEBUG] [Lingo.dev] Reloaded metadata: 0 entries
2026-03-19T14:14:34.274Z [INFO] [Lingo.dev] 🔄 Translating 2 hashes to en
2026-03-19T14:14:34.275Z [DEBUG] [Lingo.dev] 🔄 Hashes: 3c417c6a1f85, e9e80bd223c8
2026-03-19T14:14:34.737Z [INFO] [Lingo.dev] 📥 Received: POST /translations/en
2026-03-19T14:14:34.750Z [INFO] [Lingo.dev] 🔄 Processing: POST /translations/en
2026-03-19T14:14:34.756Z [DEBUG] [Lingo.dev] POST /translations/en
2026-03-19T14:14:34.757Z [DEBUG] [Lingo.dev] Reading request body...
2026-03-19T14:14:34.758Z [DEBUG] [Lingo.dev] Chunk read, body: {"hashes":["af1d6fb68c55","699bb3b8ad6e","3af4b2cd89d5","c4dd29969633","e58dea2ae50a","d30e9e792cbd","f921501597f2","853518c61e6e","b60244891f18","423faa42717c","138404db139b","85c9bfbc89ea","73ff3a783e16"]}
2026-03-19T14:14:34.760Z [DEBUG] [Lingo.dev] Parsed hashes: af1d6fb68c55,699bb3b8ad6e,3af4b2cd89d5,c4dd29969633,e58dea2ae50a,d30e9e792cbd,f921501597f2,853518c61e6e,b60244891f18,423faa42717c,138404db139b,85c9bfbc89ea,73ff3a783e16
2026-03-19T14:14:34.762Z [DEBUG] [Lingo.dev] Reloaded metadata: 0 entries
2026-03-19T14:14:34.765Z [INFO] [Lingo.dev] 🔄 Translating 13 hashes to en
2026-03-19T14:14:34.767Z [DEBUG] [Lingo.dev] 🔄 Hashes: af1d6fb68c55, 699bb3b8ad6e, 3af4b2cd89d5, c4dd29969633, e58dea2ae50a, d30e9e792cbd, f921501597f2, 853518c61e6e, b60244891f18, 423faa42717c, 138404db139b, 85c9bfbc89ea, 73ff3a783e16
2026-03-19T14:14:35.250Z [DEBUG] [Lingo.dev] [IDLE] Server is now idle
2026-03-19T14:14:43.287Z [INFO] [Lingo.dev] 📥 Received: POST /translations/en
2026-03-19T14:14:43.317Z [INFO] [Lingo.dev] 🔄 Processing: POST /translations/en
2026-03-19T14:14:43.333Z [DEBUG] [Lingo.dev] POST /translations/en
2026-03-19T14:14:43.336Z [DEBUG] [Lingo.dev] Reading request body...
2026-03-19T14:14:43.338Z [DEBUG] [Lingo.dev] Chunk read, body: {"hashes":["3c417c6a1f85","e9e80bd223c8"]}
2026-03-19T14:14:43.340Z [DEBUG] [Lingo.dev] Parsed hashes: 3c417c6a1f85,e9e80bd223c8
2026-03-19T14:14:43.345Z [DEBUG] [Lingo.dev] Reloaded metadata: 0 entries
2026-03-19T14:14:43.346Z [INFO] [Lingo.dev] 🔄 Translating 2 hashes to en
2026-03-19T14:14:43.346Z [DEBUG] [Lingo.dev] 🔄 Hashes: 3c417c6a1f85, e9e80bd223c8
2026-03-19T14:14:43.347Z [DEBUG] [Lingo.dev] [BUSY] Server is now busy (1 active)
2026-03-19T14:14:44.048Z [DEBUG] [Lingo.dev] [IDLE] Server is now idle
2026-03-19T14:14:44.237Z [INFO] [Lingo.dev] 📥 Received: POST /translations/en
2026-03-19T14:14:44.325Z [INFO] [Lingo.dev] 🔄 Processing: POST /translations/en
2026-03-19T14:14:44.333Z [DEBUG] [Lingo.dev] POST /translations/en
2026-03-19T14:14:44.344Z [DEBUG] [Lingo.dev] Reading request body...
2026-03-19T14:14:44.352Z [DEBUG] [Lingo.dev] Chunk read, body: {"hashes":["3c417c6a1f85","e9e80bd223c8"]}
2026-03-19T14:14:44.369Z [DEBUG] [Lingo.dev] Parsed hashes: 3c417c6a1f85,e9e80bd223c8
2026-03-19T14:14:44.371Z [DEBUG] [Lingo.dev] Reloaded metadata: 0 entries
2026-03-19T14:14:44.375Z [INFO] [Lingo.dev] 🔄 Translating 2 hashes to en
2026-03-19T14:14:44.380Z [DEBUG] [Lingo.dev] 🔄 Hashes: 3c417c6a1f85, e9e80bd223c8
2026-03-19T14:14:44.382Z [DEBUG] [Lingo.dev] [BUSY] Server is now busy (1 active)
2026-03-19T14:14:44.383Z [INFO] [Lingo.dev] 📥 Received: POST /translations/en
2026-03-19T14:14:44.387Z [INFO] [Lingo.dev] 🔄 Processing: POST /translations/en
2026-03-19T14:14:44.390Z [DEBUG] [Lingo.dev] POST /translations/en
2026-03-19T14:14:44.395Z [DEBUG] [Lingo.dev] Reading request body...
2026-03-19T14:14:44.399Z [DEBUG] [Lingo.dev] Chunk read, body: {"hashes":["3c417c6a1f85","e9e80bd223c8"]}
2026-03-19T14:14:44.401Z [DEBUG] [Lingo.dev] Parsed hashes: 3c417c6a1f85,e9e80bd223c8
2026-03-19T14:14:44.402Z [DEBUG] [Lingo.dev] Reloaded metadata: 0 entries
2026-03-19T14:14:44.404Z [INFO] [Lingo.dev] 🔄 Translating 2 hashes to en
2026-03-19T14:14:44.407Z [DEBUG] [Lingo.dev] 🔄 Hashes: 3c417c6a1f85, e9e80bd223c8
2026-03-19T14:14:44.780Z [DEBUG] [Lingo.dev] [IDLE] Server is now idle
2026-03-19T14:14:59.154Z [INFO] [Lingo.dev] 📥 Received: POST /translations/en
2026-03-19T14:14:59.180Z [INFO] [Lingo.dev] 🔄 Processing: POST /translations/en
2026-03-19T14:14:59.185Z [DEBUG] [Lingo.dev] POST /translations/en
2026-03-19T14:14:59.190Z [DEBUG] [Lingo.dev] Reading request body...
2026-03-19T14:14:59.194Z [DEBUG] [Lingo.dev] Chunk read, body: {"hashes":["3c417c6a1f85","e9e80bd223c8"]}
2026-03-19T14:14:59.199Z [DEBUG] [Lingo.dev] Parsed hashes: 3c417c6a1f85,e9e80bd223c8
2026-03-19T14:14:59.219Z [DEBUG] [Lingo.dev] Reloaded metadata: 9 entries
2026-03-19T14:14:59.240Z [INFO] [Lingo.dev] 🔄 Translating 2 hashes to en
2026-03-19T14:14:59.279Z [DEBUG] [Lingo.dev] 🔄 Hashes: 3c417c6a1f85, e9e80bd223c8
2026-03-19T14:14:59.346Z [DEBUG] [Lingo.dev] [BUSY] Server is now busy (1 active)
2026-03-19T14:14:59.369Z [INFO] [Lingo.dev] 📥 Received: POST /translations/en
2026-03-19T14:14:59.371Z [INFO] [Lingo.dev] 🔄 Processing: POST /translations/en
2026-03-19T14:14:59.378Z [DEBUG] [Lingo.dev] POST /translations/en
2026-03-19T14:14:59.379Z [DEBUG] [Lingo.dev] Reading request body...
2026-03-19T14:14:59.385Z [DEBUG] [Lingo.dev] Chunk read, body: {"hashes":["3c417c6a1f85","e9e80bd223c8"]}
2026-03-19T14:14:59.386Z [DEBUG] [Lingo.dev] Parsed hashes: 3c417c6a1f85,e9e80bd223c8
2026-03-19T14:14:59.387Z [DEBUG] [Lingo.dev] Reloaded metadata: 9 entries
2026-03-19T14:14:59.387Z [INFO] [Lingo.dev] 🔄 Translating 2 hashes to en
2026-03-19T14:14:59.389Z [DEBUG] [Lingo.dev] 🔄 Hashes: 3c417c6a1f85, e9e80bd223c8
2026-03-19T14:14:59.390Z [INFO] [Lingo.dev] 📥 Received: POST /translations/en
2026-03-19T14:14:59.391Z [INFO] [Lingo.dev] 🔄 Processing: POST /translations/en
2026-03-19T14:14:59.391Z [DEBUG] [Lingo.dev] POST /translations/en
2026-03-19T14:14:59.391Z [DEBUG] [Lingo.dev] Reading request body...
2026-03-19T14:14:59.393Z [DEBUG] [Lingo.dev] Chunk read, body: {"hashes":["3c417c6a1f85","e9e80bd223c8"]}
2026-03-19T14:14:59.395Z [DEBUG] [Lingo.dev] Parsed hashes: 3c417c6a1f85,e9e80bd223c8
2026-03-19T14:14:59.395Z [DEBUG] [Lingo.dev] Reloaded metadata: 9 entries
2026-03-19T14:14:59.396Z [INFO] [Lingo.dev] 🔄 Translating 2 hashes to en
2026-03-19T14:14:59.396Z [DEBUG] [Lingo.dev] 🔄 Hashes: 3c417c6a1f85, e9e80bd223c8
2026-03-19T14:14:59.397Z [INFO] [Lingo.dev] 📥 Received: POST /translations/en
2026-03-19T14:14:59.398Z [INFO] [Lingo.dev] 🔄 Processing: POST /translations/en
2026-03-19T14:14:59.398Z [DEBUG] [Lingo.dev] POST /translations/en
2026-03-19T14:14:59.398Z [DEBUG] [Lingo.dev] Reading request body...
2026-03-19T14:14:59.399Z [DEBUG] [Lingo.dev] Chunk read, body: {"hashes":["3c417c6a1f85","e9e80bd223c8"]}
2026-03-19T14:14:59.399Z [DEBUG] [Lingo.dev] Parsed hashes: 3c417c6a1f85,e9e80bd223c8
2026-03-19T14:14:59.400Z [DEBUG] [Lingo.dev] Reloaded metadata: 9 entries
2026-03-19T14:14:59.400Z [INFO] [Lingo.dev] 🔄 Translating 2 hashes to en
2026-03-19T14:14:59.401Z [DEBUG] [Lingo.dev] 🔄 Hashes: 3c417c6a1f85, e9e80bd223c8
2026-03-19T14:14:59.708Z [INFO] [Lingo.dev] 📥 Received: OPTIONS /translations/en
2026-03-19T14:14:59.711Z [INFO] [Lingo.dev] 🔄 Processing: OPTIONS /translations/en
2026-03-19T14:14:59.712Z [DEBUG] [Lingo.dev] OPTIONS /translations/en
2026-03-19T14:14:59.713Z [INFO] [Lingo.dev] 📥 Received: POST /translations/en
2026-03-19T14:14:59.713Z [INFO] [Lingo.dev] 🔄 Processing: POST /translations/en
2026-03-19T14:14:59.714Z [DEBUG] [Lingo.dev] POST /translations/en
2026-03-19T14:14:59.714Z [DEBUG] [Lingo.dev] Reading request body...
2026-03-19T14:14:59.714Z [DEBUG] [Lingo.dev] Chunk read, body: {"hashes":["228906787e28","355378d84634","3092b3d7f67a","c0f6adefcbbf","52fba026f029","15a0a5f476ed","1bfdf503283d","bcbd3eaeb23f","7c9101a51b63"]}
2026-03-19T14:14:59.715Z [DEBUG] [Lingo.dev] Parsed hashes: 228906787e28,355378d84634,3092b3d7f67a,c0f6adefcbbf,52fba026f029,15a0a5f476ed,1bfdf503283d,bcbd3eaeb23f,7c9101a51b63
2026-03-19T14:14:59.715Z [DEBUG] [Lingo.dev] Reloaded metadata: 9 entries
2026-03-19T14:14:59.715Z [INFO] [Lingo.dev] 🔄 Translating 9 hashes to en
2026-03-19T14:14:59.715Z [DEBUG] [Lingo.dev] 🔄 Hashes: 228906787e28, 355378d84634, 3092b3d7f67a, c0f6adefcbbf, 52fba026f029, 15a0a5f476ed, 1bfdf503283d, bcbd3eaeb23f, 7c9101a51b63
2026-03-19T14:15:00.213Z [DEBUG] [Lingo.dev] [IDLE] Server is now idle
2026-03-19T14:15:04.919Z [INFO] [Lingo.dev] 📥 Received: POST /translations/en
2026-03-19T14:15:04.928Z [INFO] [Lingo.dev] 🔄 Processing: POST /translations/en
2026-03-19T14:15:04.947Z [DEBUG] [Lingo.dev] POST /translations/en
2026-03-19T14:15:04.951Z [DEBUG] [Lingo.dev] Reading request body...
2026-03-19T14:15:04.955Z [DEBUG] [Lingo.dev] Chunk read, body: {"hashes":["3c417c6a1f85","e9e80bd223c8"]}
2026-03-19T14:15:04.959Z [DEBUG] [Lingo.dev] Parsed hashes: 3c417c6a1f85,e9e80bd223c8
2026-03-19T14:15:04.960Z [DEBUG] [Lingo.dev] Reloaded metadata: 9 entries
2026-03-19T14:15:04.962Z [INFO] [Lingo.dev] 🔄 Translating 2 hashes to en
2026-03-19T14:15:04.964Z [DEBUG] [Lingo.dev] 🔄 Hashes: 3c417c6a1f85, e9e80bd223c8
2026-03-19T14:15:04.966Z [DEBUG] [Lingo.dev] [BUSY] Server is now busy (1 active)
2026-03-19T14:15:05.434Z [DEBUG] [Lingo.dev] [IDLE] Server is now idle
2026-03-19T14:15:06.858Z [INFO] [Lingo.dev] 📥 Received: POST /translations/en
2026-03-19T14:15:06.880Z [INFO] [Lingo.dev] 🔄 Processing: POST /translations/en
2026-03-19T14:15:06.883Z [DEBUG] [Lingo.dev] POST /translations/en
2026-03-19T14:15:06.896Z [DEBUG] [Lingo.dev] Reading request body...
2026-03-19T14:15:06.898Z [DEBUG] [Lingo.dev] Chunk read, body: {"hashes":["3c417c6a1f85","e9e80bd223c8"]}
2026-03-19T14:15:06.900Z [DEBUG] [Lingo.dev] Parsed hashes: 3c417c6a1f85,e9e80bd223c8
2026-03-19T14:15:06.909Z [DEBUG] [Lingo.dev] Reloaded metadata: 9 entries
2026-03-19T14:15:06.918Z [INFO] [Lingo.dev] 🔄 Translating 2 hashes to en
2026-03-19T14:15:06.924Z [DEBUG] [Lingo.dev] 🔄 Hashes: 3c417c6a1f85, e9e80bd223c8
2026-03-19T14:15:06.924Z [DEBUG] [Lingo.dev] [BUSY] Server is now busy (1 active)
2026-03-19T14:15:07.546Z [DEBUG] [Lingo.dev] [IDLE] Server is now idle
2026-03-19T14:15:07.670Z [INFO] [Lingo.dev] 📥 Received: POST /translations/en
2026-03-19T14:15:07.721Z [INFO] [Lingo.dev] 🔄 Processing: POST /translations/en
2026-03-19T14:15:07.803Z [DEBUG] [Lingo.dev] POST /translations/en
2026-03-19T14:15:07.826Z [DEBUG] [Lingo.dev] Reading request body...
2026-03-19T14:15:07.832Z [DEBUG] [Lingo.dev] Chunk read, body: {"hashes":["3c417c6a1f85","e9e80bd223c8"]}
2026-03-19T14:15:07.852Z [DEBUG] [Lingo.dev] Parsed hashes: 3c417c6a1f85,e9e80bd223c8
2026-03-19T14:15:07.852Z [DEBUG] [Lingo.dev] Reloaded metadata: 9 entries
2026-03-19T14:15:07.853Z [INFO] [Lingo.dev] 🔄 Translating 2 hashes to en
2026-03-19T14:15:07.853Z [DEBUG] [Lingo.dev] 🔄 Hashes: 3c417c6a1f85, e9e80bd223c8
2026-03-19T14:15:07.854Z [DEBUG] [Lingo.dev] [BUSY] Server is now busy (1 active)
2026-03-19T14:15:07.854Z [INFO] [Lingo.dev] 📥 Received: POST /translations/en
2026-03-19T14:15:07.854Z [INFO] [Lingo.dev] 🔄 Processing: POST /translations/en
2026-03-19T14:15:07.855Z [DEBUG] [Lingo.dev] POST /translations/en
2026-03-19T14:15:07.855Z [DEBUG] [Lingo.dev] Reading request body...
2026-03-19T14:15:07.856Z [DEBUG] [Lingo.dev] Chunk read, body: {"hashes":["3c417c6a1f85","e9e80bd223c8"]}
2026-03-19T14:15:07.858Z [DEBUG] [Lingo.dev] Parsed hashes: 3c417c6a1f85,e9e80bd223c8
2026-03-19T14:15:07.859Z [DEBUG] [Lingo.dev] Reloaded metadata: 9 entries
2026-03-19T14:15:07.859Z [INFO] [Lingo.dev] 🔄 Translating 2 hashes to en
2026-03-19T14:15:07.860Z [DEBUG] [Lingo.dev] 🔄 Hashes: 3c417c6a1f85, e9e80bd223c8
2026-03-19T14:15:08.225Z [DEBUG] [Lingo.dev] [IDLE] Server is now idle
2026-03-19T14:15:18.919Z [INFO] [Lingo.dev] 📥 Received: POST /translations/en
2026-03-19T14:15:18.931Z [INFO] [Lingo.dev] 🔄 Processing: POST /translations/en
2026-03-19T14:15:18.937Z [DEBUG] [Lingo.dev] POST /translations/en
2026-03-19T14:15:18.980Z [DEBUG] [Lingo.dev] Reading request body...
2026-03-19T14:15:18.991Z [DEBUG] [Lingo.dev] Chunk read, body: {"hashes":["3c417c6a1f85","e9e80bd223c8"]}
2026-03-19T14:15:19.006Z [DEBUG] [Lingo.dev] Parsed hashes: 3c417c6a1f85,e9e80bd223c8
2026-03-19T14:15:19.025Z [DEBUG] [Lingo.dev] Reloaded metadata: 9 entries
2026-03-19T14:15:19.039Z [INFO] [Lingo.dev] 🔄 Translating 2 hashes to en
2026-03-19T14:15:19.063Z [DEBUG] [Lingo.dev] 🔄 Hashes: 3c417c6a1f85, e9e80bd223c8
2026-03-19T14:15:19.094Z [DEBUG] [Lingo.dev] [BUSY] Server is now busy (1 active)
2026-03-19T14:15:19.435Z [DEBUG] [Lingo.dev] [IDLE] Server is now idle
2026-03-19T14:15:20.020Z [INFO] [Lingo.dev] 📥 Received: OPTIONS /translations/en
2026-03-19T14:15:20.033Z [INFO] [Lingo.dev] 🔄 Processing: OPTIONS /translations/en
2026-03-19T14:15:20.042Z [DEBUG] [Lingo.dev] OPTIONS /translations/en
2026-03-19T14:15:20.055Z [INFO] [Lingo.dev] 📥 Received: POST /translations/en
2026-03-19T14:15:20.061Z [INFO] [Lingo.dev] 🔄 Processing: POST /translations/en
2026-03-19T14:15:20.335Z [DEBUG] [Lingo.dev] POST /translations/en
2026-03-19T14:15:20.338Z [DEBUG] [Lingo.dev] Reading request body...
2026-03-19T14:15:20.340Z [DEBUG] [Lingo.dev] Chunk read, body: {"hashes":["3ea186dddc9e","a123018955ef","995ab636fa6c","0647f16883e5","da24e5e19051","92dfc4066f6a","6de92a052035","19eb30b92a47","5c4c8ec286e4","519c5f11ceb0","68ea2d45491d","291717da4cf3","e1cde70ed792","a1a652bcf5ad","9a88842681b9","fcefc5082599","ffed67a09768","5762ce880f37","ac47fc1c16c8","9283aff9987d","686f8235c59a","89fc2109e374","f8f9fd442518","24154532f1bd","a1aebac90012","52aedaa3efd4","ca372434b824","b77978017e01","37a72985e0e5","e9e337ccf8d9","efb7f18cbc47","4a7b79458870","6706f01eb11f","aba9b8c9ea3e","3cece5bc1d65","1150b0449636","a89e07998e3c"]}
2026-03-19T14:15:20.341Z [DEBUG] [Lingo.dev] Parsed hashes: 3ea186dddc9e,a123018955ef,995ab636fa6c,0647f16883e5,da24e5e19051,92dfc4066f6a,6de92a052035,19eb30b92a47,5c4c8ec286e4,519c5f11ceb0,68ea2d45491d,291717da4cf3,e1cde70ed792,a1a652bcf5ad,9a88842681b9,fcefc5082599,ffed67a09768,5762ce880f37,ac47fc1c16c8,9283aff9987d,686f8235c59a,89fc2109e374,f8f9fd442518,24154532f1bd,a1aebac90012,52aedaa3efd4,ca372434b824,b77978017e01,37a72985e0e5,e9e337ccf8d9,efb7f18cbc47,4a7b79458870,6706f01eb11f,aba9b8c9ea3e,3cece5bc1d65,1150b0449636,a89e07998e3c
2026-03-19T14:15:20.342Z [DEBUG] [Lingo.dev] Reloaded metadata: 9 entries
2026-03-19T14:15:20.345Z [INFO] [Lingo.dev] 🔄 Translating 37 hashes to en
2026-03-19T14:15:20.350Z [DEBUG] [Lingo.dev] 🔄 Hashes: 3ea186dddc9e, a123018955ef, 995ab636fa6c, 0647f16883e5, da24e5e19051, 92dfc4066f6a, 6de92a052035, 19eb30b92a47, 5c4c8ec286e4, 519c5f11ceb0, 68ea2d45491d, 291717da4cf3, e1cde70ed792, a1a652bcf5ad, 9a88842681b9, fcefc5082599, ffed67a09768, 5762ce880f37, ac47fc1c16c8, 9283aff9987d, 686f8235c59a, 89fc2109e374, f8f9fd442518, 24154532f1bd, a1aebac90012, 52aedaa3efd4, ca372434b824, b77978017e01, 37a72985e0e5, e9e337ccf8d9, efb7f18cbc47, 4a7b79458870, 6706f01eb11f, aba9b8c9ea3e, 3cece5bc1d65, 1150b0449636, a89e07998e3c
2026-03-19T14:15:20.351Z [DEBUG] [Lingo.dev] [BUSY] Server is now busy (1 active)
2026-03-19T14:15:20.538Z [DEBUG] [Lingo.dev] [IDLE] Server is now idle
2026-03-19T14:15:22.031Z [INFO] [Lingo.dev] 📥 Received: POST /translations/en
2026-03-19T14:15:22.058Z [INFO] [Lingo.dev] 🔄 Processing: POST /translations/en
2026-03-19T14:15:22.066Z [DEBUG] [Lingo.dev] POST /translations/en
2026-03-19T14:15:22.068Z [DEBUG] [Lingo.dev] Reading request body...
2026-03-19T14:15:22.071Z [DEBUG] [Lingo.dev] Chunk read, body: {"hashes":["af0157f49bb4","6bc4a3fbbbd9","c73ca5b57998","2d4c45faacb1","a304843ea43f","3d7f0935037d","541e49032ded","f5417482c9b5","480f1e3147df","7b2abcc7025a","5764db8b0c92","5c3f20262466","1c689f4dba1f","6e28d7156813","a4863b844419","8b94f64e0582","f51f0dc76e5f","89940786ba4d","70fab5889ebc","d96e7c1a02cb","dbc6f54bdcd7","8d2ed3855a40","e19bbe03e9e9","2ae89e6ef8eb","dede596ac8bf","6645ecb905fb","ae008305ee44","42cb9f6ddbc4","c674fb2169e5","ffe9ec4e8b53","d944af233ccd","0386fb451562","32f76ffbbd04","91e40552690f","a508ed92f72d","ad5bec56bec3","b2430d2a9693","27d981d93452","40d69de609b8"]}
2026-03-19T14:15:22.076Z [DEBUG] [Lingo.dev] Parsed hashes: af0157f49bb4,6bc4a3fbbbd9,c73ca5b57998,2d4c45faacb1,a304843ea43f,3d7f0935037d,541e49032ded,f5417482c9b5,480f1e3147df,7b2abcc7025a,5764db8b0c92,5c3f20262466,1c689f4dba1f,6e28d7156813,a4863b844419,8b94f64e0582,f51f0dc76e5f,89940786ba4d,70fab5889ebc,d96e7c1a02cb,dbc6f54bdcd7,8d2ed3855a40,e19bbe03e9e9,2ae89e6ef8eb,dede596ac8bf,6645ecb905fb,ae008305ee44,42cb9f6ddbc4,c674fb2169e5,ffe9ec4e8b53,d944af233ccd,0386fb451562,32f76ffbbd04,91e40552690f,a508ed92f72d,ad5bec56bec3,b2430d2a9693,27d981d93452,40d69de609b8
2026-03-19T14:15:22.081Z [DEBUG] [Lingo.dev] Reloaded metadata: 9 entries
2026-03-19T14:15:22.085Z [INFO] [Lingo.dev] 🔄 Translating 39 hashes to en
2026-03-19T14:15:22.089Z [DEBUG] [Lingo.dev] 🔄 Hashes: af0157f49bb4, 6bc4a3fbbbd9, c73ca5b57998, 2d4c45faacb1, a304843ea43f, 3d7f0935037d, 541e49032ded, f5417482c9b5, 480f1e3147df, 7b2abcc7025a, 5764db8b0c92, 5c3f20262466, 1c689f4dba1f, 6e28d7156813, a4863b844419, 8b94f64e0582, f51f0dc76e5f, 89940786ba4d, 70fab5889ebc, d96e7c1a02cb, dbc6f54bdcd7, 8d2ed3855a40, e19bbe03e9e9, 2ae89e6ef8eb, dede596ac8bf, 6645ecb905fb, ae008305ee44, 42cb9f6ddbc4, c674fb2169e5, ffe9ec4e8b53, d944af233ccd, 0386fb451562, 32f76ffbbd04, 91e40552690f, a508ed92f72d, ad5bec56bec3, b2430d2a9693, 27d981d93452, 40d69de609b8
2026-03-19T14:15:22.090Z [DEBUG] [Lingo.dev] [BUSY] Server is now busy (1 active)
2026-03-19T14:15:22.557Z [DEBUG] [Lingo.dev] [IDLE] Server is now idle
2026-03-19T14:15:35.317Z [INFO] [Lingo.dev] 📥 Received: OPTIONS /translations/en
2026-03-19T14:15:35.329Z [INFO] [Lingo.dev] 🔄 Processing: OPTIONS /translations/en
2026-03-19T14:15:35.332Z [DEBUG] [Lingo.dev] OPTIONS /translations/en
2026-03-19T14:15:35.334Z [INFO] [Lingo.dev] 📥 Received: POST /translations/en
2026-03-19T14:15:35.336Z [INFO] [Lingo.dev] 🔄 Processing: POST /translations/en
2026-03-19T14:15:35.341Z [DEBUG] [Lingo.dev] POST /translations/en
2026-03-19T14:15:35.351Z [DEBUG] [Lingo.dev] Reading request body...
2026-03-19T14:15:35.354Z [DEBUG] [Lingo.dev] Chunk read, body: {"hashes":["60889ebbe76e","7f3af67c278e","b01bb1a9daf1","411cb961f62b","a029fd9378f8","9299e0246189","a5e79eb40833","0e7faa65bec6","fed791ebbc13","4e4cc467b7df","ca3a103b374c","7674fb1655f4","6f661049a649","5908ea69fda9","586c33dccde7","6b60e7529992","3429db1bccca","fcb0e0743d87","1b75b8156e6c","636c5b0a4a65","1220be955512","5a44722ae00c"]}
2026-03-19T14:15:35.356Z [DEBUG] [Lingo.dev] Parsed hashes: 60889ebbe76e,7f3af67c278e,b01bb1a9daf1,411cb961f62b,a029fd9378f8,9299e0246189,a5e79eb40833,0e7faa65bec6,fed791ebbc13,4e4cc467b7df,ca3a103b374c,7674fb1655f4,6f661049a649,5908ea69fda9,586c33dccde7,6b60e7529992,3429db1bccca,fcb0e0743d87,1b75b8156e6c,636c5b0a4a65,1220be955512,5a44722ae00c
2026-03-19T14:15:35.359Z [DEBUG] [Lingo.dev] Reloaded metadata: 9 entries
2026-03-19T14:15:35.361Z [INFO] [Lingo.dev] 🔄 Translating 22 hashes to en
2026-03-19T14:15:35.363Z [DEBUG] [Lingo.dev] 🔄 Hashes: 60889ebbe76e, 7f3af67c278e, b01bb1a9daf1, 411cb961f62b, a029fd9378f8, 9299e0246189, a5e79eb40833, 0e7faa65bec6, fed791ebbc13, 4e4cc467b7df, ca3a103b374c, 7674fb1655f4, 6f661049a649, 5908ea69fda9, 586c33dccde7, 6b60e7529992, 3429db1bccca, fcb0e0743d87, 1b75b8156e6c, 636c5b0a4a65, 1220be955512, 5a44722ae00c
2026-03-19T14:15:35.366Z [DEBUG] [Lingo.dev] [BUSY] Server is now busy (1 active)
2026-03-19T14:15:35.837Z [DEBUG] [Lingo.dev] [IDLE] Server is now idle
2026-03-19T14:15:44.948Z [INFO] [Lingo.dev] 📥 Received: OPTIONS /translations/en
2026-03-19T14:15:44.959Z [INFO] [Lingo.dev] 🔄 Processing: OPTIONS /translations/en
2026-03-19T14:15:44.963Z [DEBUG] [Lingo.dev] OPTIONS /translations/en
2026-03-19T14:15:44.965Z [INFO] [Lingo.dev] 📥 Received: POST /translations/en
2026-03-19T14:15:44.967Z [INFO] [Lingo.dev] 🔄 Processing: POST /translations/en
2026-03-19T14:15:44.968Z [DEBUG] [Lingo.dev] POST /translations/en
2026-03-19T14:15:44.969Z [DEBUG] [Lingo.dev] Reading request body...
2026-03-19T14:15:44.971Z [DEBUG] [Lingo.dev] Chunk read, body: {"hashes":["2752edb1cb23","b361194fade7","8c244c9e2557","8b7cf7adc2a9","4e102c98542a","f94bd66686dd","ca8c0d08f842"]}
2026-03-19T14:15:44.976Z [DEBUG] [Lingo.dev] Parsed hashes: 2752edb1cb23,b361194fade7,8c244c9e2557,8b7cf7adc2a9,4e102c98542a,f94bd66686dd,ca8c0d08f842
2026-03-19T14:15:44.980Z [DEBUG] [Lingo.dev] Reloaded metadata: 9 entries
2026-03-19T14:15:44.982Z [INFO] [Lingo.dev] 🔄 Translating 7 hashes to en
2026-03-19T14:15:44.986Z [DEBUG] [Lingo.dev] 🔄 Hashes: 2752edb1cb23, b361194fade7, 8c244c9e2557, 8b7cf7adc2a9, 4e102c98542a, f94bd66686dd, ca8c0d08f842
2026-03-19T14:15:44.989Z [DEBUG] [Lingo.dev] [BUSY] Server is now busy (1 active)
2026-03-19T14:15:45.464Z [DEBUG] [Lingo.dev] [IDLE] Server is now idle
2026-03-19T14:15:47.182Z [INFO] [Lingo.dev] 📥 Received: POST /translations/en
2026-03-19T14:15:47.189Z [INFO] [Lingo.dev] 🔄 Processing: POST /translations/en
2026-03-19T14:15:47.192Z [DEBUG] [Lingo.dev] POST /translations/en
2026-03-19T14:15:47.196Z [DEBUG] [Lingo.dev] Reading request body...
2026-03-19T14:15:47.197Z [DEBUG] [Lingo.dev] Chunk read, body: {"hashes":["8ec156f869da","3fae16d97b91","76172f21ccaf","10a90e0d245d","37dc843dc7c8","3cc270a072b9","e1d43c235bea","d2a6429dccc4","1a1d8d7c09b6","717b601cdcb8","d9ba4cd09ca1"]}
2026-03-19T14:15:47.198Z [DEBUG] [Lingo.dev] Parsed hashes: 8ec156f869da,3fae16d97b91,76172f21ccaf,10a90e0d245d,37dc843dc7c8,3cc270a072b9,e1d43c235bea,d2a6429dccc4,1a1d8d7c09b6,717b601cdcb8,d9ba4cd09ca1
2026-03-19T14:15:47.199Z [DEBUG] [Lingo.dev] Reloaded metadata: 9 entries
2026-03-19T14:15:47.200Z [INFO] [Lingo.dev] 🔄 Translating 11 hashes to en
2026-03-19T14:15:47.204Z [DEBUG] [Lingo.dev] 🔄 Hashes: 8ec156f869da, 3fae16d97b91, 76172f21ccaf, 10a90e0d245d, 37dc843dc7c8, 3cc270a072b9, e1d43c235bea, d2a6429dccc4, 1a1d8d7c09b6, 717b601cdcb8, d9ba4cd09ca1
2026-03-19T14:15:47.207Z [DEBUG] [Lingo.dev] [BUSY] Server is now busy (1 active)
2026-03-19T14:15:47.692Z [DEBUG] [Lingo.dev] [IDLE] Server is now idle
2026-03-19T14:15:48.452Z [INFO] [Lingo.dev] 📥 Received: POST /translations/en
2026-03-19T14:15:48.462Z [INFO] [Lingo.dev] 🔄 Processing: POST /translations/en
2026-03-19T14:15:48.466Z [DEBUG] [Lingo.dev] POST /translations/en
2026-03-19T14:15:48.467Z [DEBUG] [Lingo.dev] Reading request body...
2026-03-19T14:15:48.469Z [DEBUG] [Lingo.dev] Chunk read, body: {"hashes":["49e9ffe66cde","f5959c116fc0","899264f1b486","85beb6a0bf3d"]}
2026-03-19T14:15:48.470Z [DEBUG] [Lingo.dev] Parsed hashes: 49e9ffe66cde,f5959c116fc0,899264f1b486,85beb6a0bf3d
2026-03-19T14:15:48.472Z [DEBUG] [Lingo.dev] Reloaded metadata: 9 entries
2026-03-19T14:15:48.473Z [INFO] [Lingo.dev] 🔄 Translating 4 hashes to en
2026-03-19T14:15:48.475Z [DEBUG] [Lingo.dev] 🔄 Hashes: 49e9ffe66cde, f5959c116fc0, 899264f1b486, 85beb6a0bf3d
2026-03-19T14:15:48.479Z [DEBUG] [Lingo.dev] [BUSY] Server is now busy (1 active)
2026-03-19T14:15:48.965Z [DEBUG] [Lingo.dev] [IDLE] Server is now idle
2026-03-19T14:16:43.501Z [INFO] [Lingo.dev] 📥 Received: OPTIONS /translations/en
2026-03-19T14:16:43.532Z [INFO] [Lingo.dev] 🔄 Processing: OPTIONS /translations/en
2026-03-19T14:16:43.543Z [DEBUG] [Lingo.dev] OPTIONS /translations/en
2026-03-19T14:16:43.553Z [INFO] [Lingo.dev] 📥 Received: POST /translations/en
2026-03-19T14:16:43.555Z [INFO] [Lingo.dev] 🔄 Processing: POST /translations/en
2026-03-19T14:16:43.563Z [DEBUG] [Lingo.dev] POST /translations/en
2026-03-19T14:16:43.566Z [DEBUG] [Lingo.dev] Reading request body...
2026-03-19T14:16:43.570Z [DEBUG] [Lingo.dev] Chunk read, body: {"hashes":["861183c3b9d1","0783a4f3ed22"]}
2026-03-19T14:16:43.573Z [DEBUG] [Lingo.dev] Parsed hashes: 861183c3b9d1,0783a4f3ed22
2026-03-19T14:16:43.577Z [DEBUG] [Lingo.dev] Reloaded metadata: 9 entries
2026-03-19T14:16:43.580Z [INFO] [Lingo.dev] 🔄 Translating 2 hashes to en
2026-03-19T14:16:43.583Z [DEBUG] [Lingo.dev] 🔄 Hashes: 861183c3b9d1, 0783a4f3ed22
2026-03-19T14:16:43.588Z [DEBUG] [Lingo.dev] [BUSY] Server is now busy (1 active)
2026-03-19T14:16:44.047Z [DEBUG] [Lingo.dev] [IDLE] Server is now idle
2026-03-19T14:16:48.175Z [INFO] [Lingo.dev] 📥 Received: POST /translations/en
2026-03-19T14:16:48.206Z [INFO] [Lingo.dev] 🔄 Processing: POST /translations/en
2026-03-19T14:16:48.217Z [DEBUG] [Lingo.dev] POST /translations/en
2026-03-19T14:16:48.225Z [DEBUG] [Lingo.dev] Reading request body...
2026-03-19T14:16:48.230Z [DEBUG] [Lingo.dev] Chunk read, body: {"hashes":["38d1d562aef8","d67378f69d95","d11b75098ba6","597daa31f00d","52106627ea0e","aea4c7b3f3c0","ec5f43aff1e4","39f5ceb62e8b","77d57e2c394c","f402e109aa1e","959f7d575e91","cb8743e20840","45b735b2fbe9","e87a8b0dc566","57a96f1d6eb6","12aad5551ebb","0860066e558a","83e90d899a76","45075eca1d78","8770d9cef912","67109aa3590b","bc173e4dd207","988b30f09869","729113b4026d","11650b0f4e7a","362effb14451","3ce7cc1dfb12","802b92f632f6","ca127896266c","06cf6d75ee86","ec4fd704ce9f","27787b687bf7","f530ef778aba","747e99750a97","f3d8344cdb13","aeee9527a875","18f937746e08","43771bdffece","b3d76c05fc67","d50fb62ef57a","667f846ae63f","fb201035bf97","8e9564260f86","d514a2f47b34","9066755ed777","feb8daecb217","3af153d73d86","127ba1c65b6a","af6c9c7606b1","9092ad6c3c57","2edee5619743","96448b49edc6","6aa8bb283001","0299fa6511e4","40a98630c0d4","beca94be8af8","7805c7c013fb","5dbe04b2edfe","4c8cce037278","40af62d949d3","c89e511662ae"]}
2026-03-19T14:16:48.231Z [DEBUG] [Lingo.dev] Parsed hashes: 38d1d562aef8,d67378f69d95,d11b75098ba6,597daa31f00d,52106627ea0e,aea4c7b3f3c0,ec5f43aff1e4,39f5ceb62e8b,77d57e2c394c,f402e109aa1e,959f7d575e91,cb8743e20840,45b735b2fbe9,e87a8b0dc566,57a96f1d6eb6,12aad5551ebb,0860066e558a,83e90d899a76,45075eca1d78,8770d9cef912,67109aa3590b,bc173e4dd207,988b30f09869,729113b4026d,11650b0f4e7a,362effb14451,3ce7cc1dfb12,802b92f632f6,ca127896266c,06cf6d75ee86,ec4fd704ce9f,27787b687bf7,f530ef778aba,747e99750a97,f3d8344cdb13,aeee9527a875,18f937746e08,43771bdffece,b3d76c05fc67,d50fb62ef57a,667f846ae63f,fb201035bf97,8e9564260f86,d514a2f47b34,9066755ed777,feb8daecb217,3af153d73d86,127ba1c65b6a,af6c9c7606b1,9092ad6c3c57,2edee5619743,96448b49edc6,6aa8bb283001,0299fa6511e4,40a98630c0d4,beca94be8af8,7805c7c013fb,5dbe04b2edfe,4c8cce037278,40af62d949d3,c89e511662ae
2026-03-19T14:16:48.232Z [DEBUG] [Lingo.dev] Reloaded metadata: 9 entries
2026-03-19T14:16:48.234Z [INFO] [Lingo.dev] 🔄 Translating 61 hashes to en
2026-03-19T14:16:48.235Z [DEBUG] [Lingo.dev] 🔄 Hashes: 38d1d562aef8, d67378f69d95, d11b75098ba6, 597daa31f00d, 52106627ea0e, aea4c7b3f3c0, ec5f43aff1e4, 39f5ceb62e8b, 77d57e2c394c, f402e109aa1e, 959f7d575e91, cb8743e20840, 45b735b2fbe9, e87a8b0dc566, 57a96f1d6eb6, 12aad5551ebb, 0860066e558a, 83e90d899a76, 45075eca1d78, 8770d9cef912, 67109aa3590b, bc173e4dd207, 988b30f09869, 729113b4026d, 11650b0f4e7a, 362effb14451, 3ce7cc1dfb12, 802b92f632f6, ca127896266c, 06cf6d75ee86, ec4fd704ce9f, 27787b687bf7, f530ef778aba, 747e99750a97, f3d8344cdb13, aeee9527a875, 18f937746e08, 43771bdffece, b3d76c05fc67, d50fb62ef57a, 667f846ae63f, fb201035bf97, 8e9564260f86, d514a2f47b34, 9066755ed777, feb8daecb217, 3af153d73d86, 127ba1c65b6a, af6c9c7606b1, 9092ad6c3c57, 2edee5619743, 96448b49edc6, 6aa8bb283001, 0299fa6511e4, 40a98630c0d4, beca94be8af8, 7805c7c013fb, 5dbe04b2edfe, 4c8cce037278, 40af62d949d3, c89e511662ae
2026-03-19T14:16:48.237Z [DEBUG] [Lingo.dev] [BUSY] Server is now busy (1 active)
2026-03-19T14:16:48.714Z [DEBUG] [Lingo.dev] [IDLE] Server is now idle
2026-03-19T14:17:10.679Z [INFO] [Lingo.dev] 📥 Received: OPTIONS /translations/en
2026-03-19T14:17:10.693Z [INFO] [Lingo.dev] 🔄 Processing: OPTIONS /translations/en
2026-03-19T14:17:10.699Z [DEBUG] [Lingo.dev] OPTIONS /translations/en
2026-03-19T14:17:10.700Z [INFO] [Lingo.dev] 📥 Received: POST /translations/en
2026-03-19T14:17:10.702Z [INFO] [Lingo.dev] 🔄 Processing: POST /translations/en
2026-03-19T14:17:10.705Z [DEBUG] [Lingo.dev] POST /translations/en
2026-03-19T14:17:10.706Z [DEBUG] [Lingo.dev] Reading request body...
2026-03-19T14:17:10.708Z [DEBUG] [Lingo.dev] Chunk read, body: {"hashes":["bc380a131383","dbeab1169c76","0a1ab383b0aa","6ca4b7a8b80d","d819f9b0e410","95b702edeefc","cd7983600403","b6e0a0595d81","d9c755eeb504","b59c051516f7","a139526de368","6efbf4826787","5dc327663928","71ffc03b465a","b7d833027b87","2a54c249e380","c88699c7864d","19927fe1e834","c5aa7dda05ae","7fbabafdb7ce","8972369dfada","93caf662d226","4de7476882ac","a6e22909cafc","d3da9cc11c37","80eda4bfbb0e","97c00fb98684","96196415d3e0","3989172d3e71","64e9134f3d8d","5349055143ef","37e79f8db35f","a01eb064f7d5","8bec6060c096","abf249bd0965"]}
2026-03-19T14:17:10.709Z [DEBUG] [Lingo.dev] Parsed hashes: bc380a131383,dbeab1169c76,0a1ab383b0aa,6ca4b7a8b80d,d819f9b0e410,95b702edeefc,cd7983600403,b6e0a0595d81,d9c755eeb504,b59c051516f7,a139526de368,6efbf4826787,5dc327663928,71ffc03b465a,b7d833027b87,2a54c249e380,c88699c7864d,19927fe1e834,c5aa7dda05ae,7fbabafdb7ce,8972369dfada,93caf662d226,4de7476882ac,a6e22909cafc,d3da9cc11c37,80eda4bfbb0e,97c00fb98684,96196415d3e0,3989172d3e71,64e9134f3d8d,5349055143ef,37e79f8db35f,a01eb064f7d5,8bec6060c096,abf249bd0965
2026-03-19T14:17:10.711Z [DEBUG] [Lingo.dev] Reloaded metadata: 9 entries
2026-03-19T14:17:10.713Z [INFO] [Lingo.dev] 🔄 Translating 35 hashes to en
2026-03-19T14:17:10.714Z [DEBUG] [Lingo.dev] 🔄 Hashes: bc380a131383, dbeab1169c76, 0a1ab383b0aa, 6ca4b7a8b80d, d819f9b0e410, 95b702edeefc, cd7983600403, b6e0a0595d81, d9c755eeb504, b59c051516f7, a139526de368, 6efbf4826787, 5dc327663928, 71ffc03b465a, b7d833027b87, 2a54c249e380, c88699c7864d, 19927fe1e834, c5aa7dda05ae, 7fbabafdb7ce, 8972369dfada, 93caf662d226, 4de7476882ac, a6e22909cafc, d3da9cc11c37, 80eda4bfbb0e, 97c00fb98684, 96196415d3e0, 3989172d3e71, 64e9134f3d8d, 5349055143ef, 37e79f8db35f, a01eb064f7d5, 8bec6060c096, abf249bd0965
2026-03-19T14:17:10.717Z [DEBUG] [Lingo.dev] [BUSY] Server is now busy (1 active)
2026-03-19T14:17:11.198Z [DEBUG] [Lingo.dev] [IDLE] Server is now idle
2026-03-19T14:17:19.071Z [INFO] [Lingo.dev] 📥 Received: OPTIONS /translations/en
2026-03-19T14:17:19.088Z [INFO] [Lingo.dev] 🔄 Processing: OPTIONS /translations/en
2026-03-19T14:17:19.091Z [DEBUG] [Lingo.dev] OPTIONS /translations/en
2026-03-19T14:17:19.093Z [INFO] [Lingo.dev] 📥 Received: POST /translations/en
2026-03-19T14:17:19.095Z [INFO] [Lingo.dev] 🔄 Processing: POST /translations/en
2026-03-19T14:17:19.096Z [DEBUG] [Lingo.dev] POST /translations/en
2026-03-19T14:17:19.097Z [DEBUG] [Lingo.dev] Reading request body...
2026-03-19T14:17:19.098Z [DEBUG] [Lingo.dev] Chunk read, body: {"hashes":["1c036b648e9f","1b6ace4b68f2","b48b4a2f9946","dc10e2de8ba0","6a82dc2854fe","f4bc116ff1da","bd5ffb4d5a7f","7d857d1b58c2","59dcde9b68e8","48a1d71c8332","85dde834c3d8","1b58f66df9cf","f6c4b244a505","5aaac3da00a1","bdb4630ceab4"]}
2026-03-19T14:17:19.100Z [DEBUG] [Lingo.dev] Parsed hashes: 1c036b648e9f,1b6ace4b68f2,b48b4a2f9946,dc10e2de8ba0,6a82dc2854fe,f4bc116ff1da,bd5ffb4d5a7f,7d857d1b58c2,59dcde9b68e8,48a1d71c8332,85dde834c3d8,1b58f66df9cf,f6c4b244a505,5aaac3da00a1,bdb4630ceab4
2026-03-19T14:17:19.101Z [DEBUG] [Lingo.dev] Reloaded metadata: 9 entries
2026-03-19T14:17:19.102Z [INFO] [Lingo.dev] 🔄 Translating 15 hashes to en
2026-03-19T14:17:19.103Z [DEBUG] [Lingo.dev] 🔄 Hashes: 1c036b648e9f, 1b6ace4b68f2, b48b4a2f9946, dc10e2de8ba0, 6a82dc2854fe, f4bc116ff1da, bd5ffb4d5a7f, 7d857d1b58c2, 59dcde9b68e8, 48a1d71c8332, 85dde834c3d8, 1b58f66df9cf, f6c4b244a505, 5aaac3da00a1, bdb4630ceab4
2026-03-19T14:17:19.104Z [DEBUG] [Lingo.dev] [BUSY] Server is now busy (1 active)
2026-03-19T14:17:19.590Z [DEBUG] [Lingo.dev] [IDLE] Server is now idle
2026-03-19T14:17:20.552Z [INFO] [Lingo.dev] 📥 Received: POST /translations/en
2026-03-19T14:17:20.580Z [INFO] [Lingo.dev] 🔄 Processing: POST /translations/en
2026-03-19T14:17:20.586Z [DEBUG] [Lingo.dev] POST /translations/en
2026-03-19T14:17:20.589Z [DEBUG] [Lingo.dev] Reading request body...
2026-03-19T14:17:20.591Z [DEBUG] [Lingo.dev] Chunk read, body: {"hashes":["4434169910f9"]}
2026-03-19T14:17:20.594Z [DEBUG] [Lingo.dev] Parsed hashes: 4434169910f9
2026-03-19T14:17:20.606Z [DEBUG] [Lingo.dev] Reloaded metadata: 9 entries
2026-03-19T14:17:20.608Z [INFO] [Lingo.dev] 🔄 Translating 1 hashes to en
2026-03-19T14:17:20.610Z [DEBUG] [Lingo.dev] 🔄 Hashes: 4434169910f9
2026-03-19T14:17:20.613Z [DEBUG] [Lingo.dev] [BUSY] Server is now busy (1 active)
2026-03-19T14:17:21.085Z [DEBUG] [Lingo.dev] [IDLE] Server is now idle
2026-03-19T14:17:22.582Z [INFO] [Lingo.dev] 📥 Received: POST /translations/en
2026-03-19T14:17:22.596Z [INFO] [Lingo.dev] 🔄 Processing: POST /translations/en
2026-03-19T14:17:22.600Z [DEBUG] [Lingo.dev] POST /translations/en
2026-03-19T14:17:22.602Z [DEBUG] [Lingo.dev] Reading request body...
2026-03-19T14:17:22.603Z [DEBUG] [Lingo.dev] Chunk read, body: {"hashes":["7ba51e03d286","ab52ecbd3e1a","826254119c71","9d16dfb6582b","5466690e4ffe","ec63aea27cc9","6046b45e5fef","d3a4289b87b9","390f6ef13674"]}
2026-03-19T14:17:22.605Z [DEBUG] [Lingo.dev] Parsed hashes: 7ba51e03d286,ab52ecbd3e1a,826254119c71,9d16dfb6582b,5466690e4ffe,ec63aea27cc9,6046b45e5fef,d3a4289b87b9,390f6ef13674
2026-03-19T14:17:22.608Z [DEBUG] [Lingo.dev] Reloaded metadata: 9 entries
2026-03-19T14:17:22.609Z [INFO] [Lingo.dev] 🔄 Translating 9 hashes to en
2026-03-19T14:17:22.610Z [DEBUG] [Lingo.dev] 🔄 Hashes: 7ba51e03d286, ab52ecbd3e1a, 826254119c71, 9d16dfb6582b, 5466690e4ffe, ec63aea27cc9, 6046b45e5fef, d3a4289b87b9, 390f6ef13674
2026-03-19T14:17:22.611Z [DEBUG] [Lingo.dev] [BUSY] Server is now busy (1 active)
2026-03-19T14:17:23.098Z [DEBUG] [Lingo.dev] [IDLE] Server is now idle
2026-03-19T14:17:32.340Z [INFO] [Lingo.dev] 📥 Received: OPTIONS /translations/en
2026-03-19T14:17:32.368Z [INFO] [Lingo.dev] 🔄 Processing: OPTIONS /translations/en
2026-03-19T14:17:32.394Z [DEBUG] [Lingo.dev] OPTIONS /translations/en
2026-03-19T14:17:32.396Z [INFO] [Lingo.dev] 📥 Received: POST /translations/en
2026-03-19T14:17:32.397Z [INFO] [Lingo.dev] 🔄 Processing: POST /translations/en
2026-03-19T14:17:32.399Z [DEBUG] [Lingo.dev] POST /translations/en
2026-03-19T14:17:32.400Z [DEBUG] [Lingo.dev] Reading request body...
2026-03-19T14:17:32.402Z [DEBUG] [Lingo.dev] Chunk read, body: {"hashes":["228906787e28","355378d84634","3092b3d7f67a","c0f6adefcbbf","52fba026f029","15a0a5f476ed","1bfdf503283d","bcbd3eaeb23f","7c9101a51b63"]}
2026-03-19T14:17:32.404Z [DEBUG] [Lingo.dev] Parsed hashes: 228906787e28,355378d84634,3092b3d7f67a,c0f6adefcbbf,52fba026f029,15a0a5f476ed,1bfdf503283d,bcbd3eaeb23f,7c9101a51b63
2026-03-19T14:17:32.406Z [DEBUG] [Lingo.dev] Reloaded metadata: 9 entries
2026-03-19T14:17:32.408Z [INFO] [Lingo.dev] 🔄 Translating 9 hashes to en
2026-03-19T14:17:32.409Z [DEBUG] [Lingo.dev] 🔄 Hashes: 228906787e28, 355378d84634, 3092b3d7f67a, c0f6adefcbbf, 52fba026f029, 15a0a5f476ed, 1bfdf503283d, bcbd3eaeb23f, 7c9101a51b63
2026-03-19T14:17:32.412Z [DEBUG] [Lingo.dev] [BUSY] Server is now busy (1 active)
2026-03-19T14:17:32.419Z [INFO] [Lingo.dev] 📥 Received: POST /translations/hi
2026-03-19T14:17:32.426Z [INFO] [Lingo.dev] 🔄 Processing: POST /translations/hi
2026-03-19T14:17:32.432Z [DEBUG] [Lingo.dev] POST /translations/hi
2026-03-19T14:17:32.440Z [DEBUG] [Lingo.dev] Reading request body...
2026-03-19T14:17:32.443Z [DEBUG] [Lingo.dev] Chunk read, body: {"hashes":["3c417c6a1f85","e9e80bd223c8"]}
2026-03-19T14:17:32.446Z [DEBUG] [Lingo.dev] Parsed hashes: 3c417c6a1f85,e9e80bd223c8
2026-03-19T14:17:32.447Z [DEBUG] [Lingo.dev] Reloaded metadata: 9 entries
2026-03-19T14:17:32.448Z [INFO] [Lingo.dev] 🔄 Translating 2 hashes to hi
2026-03-19T14:17:32.449Z [DEBUG] [Lingo.dev] 🔄 Hashes: 3c417c6a1f85, e9e80bd223c8
2026-03-19T14:17:32.519Z [INFO] [Lingo.dev] 📥 Received: POST /translations/hi
2026-03-19T14:17:32.556Z [INFO] [Lingo.dev] 🔄 Processing: POST /translations/hi
2026-03-19T14:17:32.558Z [DEBUG] [Lingo.dev] POST /translations/hi
2026-03-19T14:17:32.560Z [DEBUG] [Lingo.dev] Reading request body...
2026-03-19T14:17:32.561Z [DEBUG] [Lingo.dev] Chunk read, body: {"hashes":["3c417c6a1f85","e9e80bd223c8"]}
2026-03-19T14:17:32.563Z [DEBUG] [Lingo.dev] Parsed hashes: 3c417c6a1f85,e9e80bd223c8
2026-03-19T14:17:32.564Z [DEBUG] [Lingo.dev] Reloaded metadata: 9 entries
2026-03-19T14:17:32.566Z [INFO] [Lingo.dev] 🔄 Translating 2 hashes to hi
2026-03-19T14:17:32.567Z [DEBUG] [Lingo.dev] 🔄 Hashes: 3c417c6a1f85, e9e80bd223c8
2026-03-19T14:17:33.151Z [DEBUG] [Lingo.dev] [IDLE] Server is now idle
2026-03-19T14:17:35.750Z [INFO] [Lingo.dev] 📥 Received: POST /translations/hi
2026-03-19T14:17:36.132Z [INFO] [Lingo.dev] 🔄 Processing: POST /translations/hi
2026-03-19T14:17:36.224Z [DEBUG] [Lingo.dev] POST /translations/hi
2026-03-19T14:17:36.228Z [DEBUG] [Lingo.dev] Reading request body...
2026-03-19T14:17:36.231Z [DEBUG] [Lingo.dev] Chunk read, body: {"hashes":["3c417c6a1f85","e9e80bd223c8"]}
2026-03-19T14:17:36.234Z [DEBUG] [Lingo.dev] Parsed hashes: 3c417c6a1f85,e9e80bd223c8
2026-03-19T14:17:36.239Z [DEBUG] [Lingo.dev] Reloaded metadata: 9 entries
2026-03-19T14:17:36.240Z [INFO] [Lingo.dev] 🔄 Translating 2 hashes to hi
2026-03-19T14:17:36.243Z [DEBUG] [Lingo.dev] 🔄 Hashes: 3c417c6a1f85, e9e80bd223c8
2026-03-19T14:17:36.245Z [DEBUG] [Lingo.dev] [BUSY] Server is now busy (1 active)
2026-03-19T14:17:36.291Z [DEBUG] [Lingo.dev] [IDLE] Server is now idle
2026-03-19T14:17:37.935Z [INFO] [Lingo.dev] 📥 Received: OPTIONS /translations/hi
2026-03-19T14:17:38.085Z [INFO] [Lingo.dev] 🔄 Processing: OPTIONS /translations/hi
2026-03-19T14:17:38.090Z [DEBUG] [Lingo.dev] OPTIONS /translations/hi
2026-03-19T14:17:38.094Z [INFO] [Lingo.dev] 📥 Received: POST /translations/hi
2026-03-19T14:17:38.094Z [INFO] [Lingo.dev] 🔄 Processing: POST /translations/hi
2026-03-19T14:17:38.095Z [DEBUG] [Lingo.dev] POST /translations/hi
2026-03-19T14:17:38.096Z [DEBUG] [Lingo.dev] Reading request body...
2026-03-19T14:17:38.096Z [DEBUG] [Lingo.dev] Chunk read, body: {"hashes":["f34d774263a5","76a70aba1089","b0559e52f403","b8e16bef6b5d","f8fe30a50562","fa6c983080be","21be3979d342","3ea186dddc9e","a123018955ef","995ab636fa6c","0647f16883e5","da24e5e19051","92dfc4066f6a","6de92a052035","19eb30b92a47","5c4c8ec286e4","519c5f11ceb0","68ea2d45491d","291717da4cf3","e1cde70ed792","a1a652bcf5ad","9a88842681b9","fcefc5082599","ffed67a09768","5762ce880f37","ac47fc1c16c8","9283aff9987d","686f8235c59a","89fc2109e374","f8f9fd442518","24154532f1bd","a1aebac90012","52aedaa3efd4","ca372434b824","b77978017e01","37a72985e0e5","e9e337ccf8d9","efb7f18cbc47","4a7b79458870","6706f01eb11f","aba9b8c9ea3e","3cece5bc1d65","1150b0449636","a89e07998e3c","7976f1836587","01844e738672","55ec0e708a30","81ec4141862a","1dec48e8408b"]}
2026-03-19T14:17:38.097Z [DEBUG] [Lingo.dev] Parsed hashes: f34d774263a5,76a70aba1089,b0559e52f403,b8e16bef6b5d,f8fe30a50562,fa6c983080be,21be3979d342,3ea186dddc9e,a123018955ef,995ab636fa6c,0647f16883e5,da24e5e19051,92dfc4066f6a,6de92a052035,19eb30b92a47,5c4c8ec286e4,519c5f11ceb0,68ea2d45491d,291717da4cf3,e1cde70ed792,a1a652bcf5ad,9a88842681b9,fcefc5082599,ffed67a09768,5762ce880f37,ac47fc1c16c8,9283aff9987d,686f8235c59a,89fc2109e374,f8f9fd442518,24154532f1bd,a1aebac90012,52aedaa3efd4,ca372434b824,b77978017e01,37a72985e0e5,e9e337ccf8d9,efb7f18cbc47,4a7b79458870,6706f01eb11f,aba9b8c9ea3e,3cece5bc1d65,1150b0449636,a89e07998e3c,7976f1836587,01844e738672,55ec0e708a30,81ec4141862a,1dec48e8408b
2026-03-19T14:17:38.097Z [DEBUG] [Lingo.dev] Reloaded metadata: 9 entries
2026-03-19T14:17:38.098Z [INFO] [Lingo.dev] 🔄 Translating 49 hashes to hi
2026-03-19T14:17:38.098Z [DEBUG] [Lingo.dev] 🔄 Hashes: f34d774263a5, 76a70aba1089, b0559e52f403, b8e16bef6b5d, f8fe30a50562, fa6c983080be, 21be3979d342, 3ea186dddc9e, a123018955ef, 995ab636fa6c, 0647f16883e5, da24e5e19051, 92dfc4066f6a, 6de92a052035, 19eb30b92a47, 5c4c8ec286e4, 519c5f11ceb0, 68ea2d45491d, 291717da4cf3, e1cde70ed792, a1a652bcf5ad, 9a88842681b9, fcefc5082599, ffed67a09768, 5762ce880f37, ac47fc1c16c8, 9283aff9987d, 686f8235c59a, 89fc2109e374, f8f9fd442518, 24154532f1bd, a1aebac90012, 52aedaa3efd4, ca372434b824, b77978017e01, 37a72985e0e5, e9e337ccf8d9, efb7f18cbc47, 4a7b79458870, 6706f01eb11f, aba9b8c9ea3e, 3cece5bc1d65, 1150b0449636, a89e07998e3c, 7976f1836587, 01844e738672, 55ec0e708a30, 81ec4141862a, 1dec48e8408b
2026-03-19T14:17:38.099Z [DEBUG] [Lingo.dev] [BUSY] Server is now busy (1 active)
2026-03-19T14:17:38.585Z [DEBUG] [Lingo.dev] [IDLE] Server is now idle
2026-03-19T14:17:38.603Z [INFO] [Lingo.dev] 📥 Received: POST /translations/hi
2026-03-19T14:17:38.617Z [INFO] [Lingo.dev] 🔄 Processing: POST /translations/hi
2026-03-19T14:17:38.620Z [DEBUG] [Lingo.dev] POST /translations/hi
2026-03-19T14:17:38.621Z [DEBUG] [Lingo.dev] Reading request body...
2026-03-19T14:17:38.622Z [DEBUG] [Lingo.dev] Chunk read, body: {"hashes":["af0157f49bb4","6bc4a3fbbbd9","c73ca5b57998","2d4c45faacb1","a304843ea43f","3d7f0935037d","541e49032ded","f5417482c9b5","480f1e3147df","7b2abcc7025a","5764db8b0c92","5c3f20262466","1c689f4dba1f","6e28d7156813","a4863b844419","8b94f64e0582","f51f0dc76e5f","89940786ba4d","70fab5889ebc","d96e7c1a02cb","dbc6f54bdcd7","8d2ed3855a40","e19bbe03e9e9","2ae89e6ef8eb","dede596ac8bf","6645ecb905fb","ae008305ee44","42cb9f6ddbc4","c674fb2169e5","ffe9ec4e8b53","d944af233ccd","0386fb451562","32f76ffbbd04","91e40552690f","a508ed92f72d","ad5bec56bec3","b2430d2a9693","27d981d93452","40d69de609b8"]}
2026-03-19T14:17:38.623Z [DEBUG] [Lingo.dev] Parsed hashes: af0157f49bb4,6bc4a3fbbbd9,c73ca5b57998,2d4c45faacb1,a304843ea43f,3d7f0935037d,541e49032ded,f5417482c9b5,480f1e3147df,7b2abcc7025a,5764db8b0c92,5c3f20262466,1c689f4dba1f,6e28d7156813,a4863b844419,8b94f64e0582,f51f0dc76e5f,89940786ba4d,70fab5889ebc,d96e7c1a02cb,dbc6f54bdcd7,8d2ed3855a40,e19bbe03e9e9,2ae89e6ef8eb,dede596ac8bf,6645ecb905fb,ae008305ee44,42cb9f6ddbc4,c674fb2169e5,ffe9ec4e8b53,d944af233ccd,0386fb451562,32f76ffbbd04,91e40552690f,a508ed92f72d,ad5bec56bec3,b2430d2a9693,27d981d93452,40d69de609b8
2026-03-19T14:17:38.624Z [DEBUG] [Lingo.dev] Reloaded metadata: 9 entries
2026-03-19T14:17:38.625Z [INFO] [Lingo.dev] 🔄 Translating 39 hashes to hi
2026-03-19T14:17:38.626Z [DEBUG] [Lingo.dev] 🔄 Hashes: af0157f49bb4, 6bc4a3fbbbd9, c73ca5b57998, 2d4c45faacb1, a304843ea43f, 3d7f0935037d, 541e49032ded, f5417482c9b5, 480f1e3147df, 7b2abcc7025a, 5764db8b0c92, 5c3f20262466, 1c689f4dba1f, 6e28d7156813, a4863b844419, 8b94f64e0582, f51f0dc76e5f, 89940786ba4d, 70fab5889ebc, d96e7c1a02cb, dbc6f54bdcd7, 8d2ed3855a40, e19bbe03e9e9, 2ae89e6ef8eb, dede596ac8bf, 6645ecb905fb, ae008305ee44, 42cb9f6ddbc4, c674fb2169e5, ffe9ec4e8b53, d944af233ccd, 0386fb451562, 32f76ffbbd04, 91e40552690f, a508ed92f72d, ad5bec56bec3, b2430d2a9693, 27d981d93452, 40d69de609b8
2026-03-19T14:17:38.627Z [DEBUG] [Lingo.dev] [BUSY] Server is now busy (1 active)
2026-03-19T14:17:39.115Z [DEBUG] [Lingo.dev] [IDLE] Server is now idle
2026-03-19T14:17:41.426Z [INFO] [Lingo.dev] 📥 Received: POST /translations/hi
2026-03-19T14:17:41.436Z [INFO] [Lingo.dev] 🔄 Processing: POST /translations/hi
2026-03-19T14:17:41.442Z [DEBUG] [Lingo.dev] POST /translations/hi
2026-03-19T14:17:41.448Z [DEBUG] [Lingo.dev] Reading request body...
2026-03-19T14:17:41.449Z [DEBUG] [Lingo.dev] Chunk read, body: {"hashes":["1c036b648e9f","1b6ace4b68f2","b48b4a2f9946","dc10e2de8ba0","6a82dc2854fe","f4bc116ff1da","bd5ffb4d5a7f","7d857d1b58c2","59dcde9b68e8","48a1d71c8332","85dde834c3d8","1b58f66df9cf","f6c4b244a505","5aaac3da00a1","bdb4630ceab4"]}
2026-03-19T14:17:41.451Z [DEBUG] [Lingo.dev] Parsed hashes: 1c036b648e9f,1b6ace4b68f2,b48b4a2f9946,dc10e2de8ba0,6a82dc2854fe,f4bc116ff1da,bd5ffb4d5a7f,7d857d1b58c2,59dcde9b68e8,48a1d71c8332,85dde834c3d8,1b58f66df9cf,f6c4b244a505,5aaac3da00a1,bdb4630ceab4
2026-03-19T14:17:41.453Z [DEBUG] [Lingo.dev] Reloaded metadata: 9 entries
2026-03-19T14:17:41.454Z [INFO] [Lingo.dev] 🔄 Translating 15 hashes to hi
2026-03-19T14:17:41.459Z [DEBUG] [Lingo.dev] 🔄 Hashes: 1c036b648e9f, 1b6ace4b68f2, b48b4a2f9946, dc10e2de8ba0, 6a82dc2854fe, f4bc116ff1da, bd5ffb4d5a7f, 7d857d1b58c2, 59dcde9b68e8, 48a1d71c8332, 85dde834c3d8, 1b58f66df9cf, f6c4b244a505, 5aaac3da00a1, bdb4630ceab4
2026-03-19T14:17:41.461Z [DEBUG] [Lingo.dev] [BUSY] Server is now busy (1 active)
2026-03-19T14:17:41.935Z [DEBUG] [Lingo.dev] [IDLE] Server is now idle
2026-03-19T14:17:48.754Z [INFO] [Lingo.dev] 📥 Received: OPTIONS /translations/hi
2026-03-19T14:17:48.773Z [INFO] [Lingo.dev] 🔄 Processing: OPTIONS /translations/hi
2026-03-19T14:17:48.777Z [DEBUG] [Lingo.dev] OPTIONS /translations/hi
2026-03-19T14:17:48.795Z [INFO] [Lingo.dev] 📥 Received: POST /translations/hi
2026-03-19T14:17:48.797Z [INFO] [Lingo.dev] 🔄 Processing: POST /translations/hi
2026-03-19T14:17:48.801Z [DEBUG] [Lingo.dev] POST /translations/hi
2026-03-19T14:17:48.804Z [DEBUG] [Lingo.dev] Reading request body...
2026-03-19T14:17:48.806Z [DEBUG] [Lingo.dev] Chunk read, body: {"hashes":["4434169910f9"]}
2026-03-19T14:17:48.809Z [DEBUG] [Lingo.dev] Parsed hashes: 4434169910f9
2026-03-19T14:17:48.817Z [DEBUG] [Lingo.dev] Reloaded metadata: 9 entries
2026-03-19T14:17:48.818Z [INFO] [Lingo.dev] 🔄 Translating 1 hashes to hi
2026-03-19T14:17:48.819Z [DEBUG] [Lingo.dev] 🔄 Hashes: 4434169910f9
2026-03-19T14:17:48.823Z [DEBUG] [Lingo.dev] [BUSY] Server is now busy (1 active)
2026-03-19T14:17:49.271Z [DEBUG] [Lingo.dev] [IDLE] Server is now idle
2026-03-19T14:17:50.875Z [INFO] [Lingo.dev] 📥 Received: POST /translations/hi
2026-03-19T14:17:50.885Z [INFO] [Lingo.dev] 🔄 Processing: POST /translations/hi
2026-03-19T14:17:50.887Z [DEBUG] [Lingo.dev] POST /translations/hi
2026-03-19T14:17:50.888Z [DEBUG] [Lingo.dev] Reading request body...
2026-03-19T14:17:50.889Z [DEBUG] [Lingo.dev] Chunk read, body: {"hashes":["7ba51e03d286","ab52ecbd3e1a","826254119c71","9d16dfb6582b","5466690e4ffe","ec63aea27cc9","6046b45e5fef","d3a4289b87b9","390f6ef13674"]}
2026-03-19T14:17:50.889Z [DEBUG] [Lingo.dev] Parsed hashes: 7ba51e03d286,ab52ecbd3e1a,826254119c71,9d16dfb6582b,5466690e4ffe,ec63aea27cc9,6046b45e5fef,d3a4289b87b9,390f6ef13674
2026-03-19T14:17:50.890Z [DEBUG] [Lingo.dev] Reloaded metadata: 9 entries
2026-03-19T14:17:50.891Z [INFO] [Lingo.dev] 🔄 Translating 9 hashes to hi
2026-03-19T14:17:50.892Z [DEBUG] [Lingo.dev] 🔄 Hashes: 7ba51e03d286, ab52ecbd3e1a, 826254119c71, 9d16dfb6582b, 5466690e4ffe, ec63aea27cc9, 6046b45e5fef, d3a4289b87b9, 390f6ef13674
2026-03-19T14:17:50.893Z [DEBUG] [Lingo.dev] [BUSY] Server is now busy (1 active)
2026-03-19T14:17:51.384Z [DEBUG] [Lingo.dev] [IDLE] Server is now idle
2026-03-19T14:41:15.218Z [INFO] [Lingo.dev] 📥 Received: POST /translations/hi
2026-03-19T14:41:15.437Z [INFO] [Lingo.dev] 🔄 Processing: POST /translations/hi
2026-03-19T14:41:15.472Z [DEBUG] [Lingo.dev] POST /translations/hi
2026-03-19T14:41:15.474Z [DEBUG] [Lingo.dev] Reading request body...
2026-03-19T14:41:15.476Z [DEBUG] [Lingo.dev] Chunk read, body: {"hashes":["3c417c6a1f85","e9e80bd223c8"]}
2026-03-19T14:41:15.477Z [DEBUG] [Lingo.dev] Parsed hashes: 3c417c6a1f85,e9e80bd223c8
2026-03-19T14:41:15.478Z [DEBUG] [Lingo.dev] Reloaded metadata: 9 entries
2026-03-19T14:41:15.479Z [INFO] [Lingo.dev] 🔄 Translating 2 hashes to hi
2026-03-19T14:41:15.481Z [DEBUG] [Lingo.dev] 🔄 Hashes: 3c417c6a1f85, e9e80bd223c8
2026-03-19T14:41:15.482Z [DEBUG] [Lingo.dev] [BUSY] Server is now busy (1 active)
2026-03-19T14:41:15.734Z [DEBUG] [Lingo.dev] [IDLE] Server is now idle
2026-03-19T14:41:16.800Z [INFO] [Lingo.dev] 📥 Received: OPTIONS /translations/hi
2026-03-19T14:41:16.808Z [INFO] [Lingo.dev] 🔄 Processing: OPTIONS /translations/hi
2026-03-19T14:41:16.818Z [DEBUG] [Lingo.dev] OPTIONS /translations/hi
2026-03-19T14:41:16.819Z [INFO] [Lingo.dev] 📥 Received: POST /translations/hi
2026-03-19T14:41:16.820Z [INFO] [Lingo.dev] 🔄 Processing: POST /translations/hi
2026-03-19T14:41:16.821Z [DEBUG] [Lingo.dev] POST /translations/hi
2026-03-19T14:41:16.823Z [DEBUG] [Lingo.dev] Reading request body...
2026-03-19T14:41:16.823Z [DEBUG] [Lingo.dev] Chunk read, body: {"hashes":["f34d774263a5","76a70aba1089","b0559e52f403","b8e16bef6b5d","f8fe30a50562","fa6c983080be","21be3979d342","3ea186dddc9e","a123018955ef","995ab636fa6c","0647f16883e5","da24e5e19051","92dfc4066f6a","6de92a052035","19eb30b92a47","5c4c8ec286e4","519c5f11ceb0","68ea2d45491d","291717da4cf3","e1cde70ed792","a1a652bcf5ad","9a88842681b9","fcefc5082599","ffed67a09768","5762ce880f37","ac47fc1c16c8","9283aff9987d","686f8235c59a","89fc2109e374","f8f9fd442518","24154532f1bd","a1aebac90012","52aedaa3efd4","ca372434b824","b77978017e01","37a72985e0e5","e9e337ccf8d9","efb7f18cbc47","4a7b79458870","6706f01eb11f","aba9b8c9ea3e","3cece5bc1d65","1150b0449636","a89e07998e3c","7976f1836587","01844e738672","55ec0e708a30","81ec4141862a","1dec48e8408b"]}
2026-03-19T14:41:16.824Z [DEBUG] [Lingo.dev] Parsed hashes: f34d774263a5,76a70aba1089,b0559e52f403,b8e16bef6b5d,f8fe30a50562,fa6c983080be,21be3979d342,3ea186dddc9e,a123018955ef,995ab636fa6c,0647f16883e5,da24e5e19051,92dfc4066f6a,6de92a052035,19eb30b92a47,5c4c8ec286e4,519c5f11ceb0,68ea2d45491d,291717da4cf3,e1cde70ed792,a1a652bcf5ad,9a88842681b9,fcefc5082599,ffed67a09768,5762ce880f37,ac47fc1c16c8,9283aff9987d,686f8235c59a,89fc2109e374,f8f9fd442518,24154532f1bd,a1aebac90012,52aedaa3efd4,ca372434b824,b77978017e01,37a72985e0e5,e9e337ccf8d9,efb7f18cbc47,4a7b79458870,6706f01eb11f,aba9b8c9ea3e,3cece5bc1d65,1150b0449636,a89e07998e3c,7976f1836587,01844e738672,55ec0e708a30,81ec4141862a,1dec48e8408b
2026-03-19T14:41:16.825Z [DEBUG] [Lingo.dev] Reloaded metadata: 9 entries
2026-03-19T14:41:16.826Z [INFO] [Lingo.dev] 🔄 Translating 49 hashes to hi
2026-03-19T14:41:16.827Z [DEBUG] [Lingo.dev] 🔄 Hashes: f34d774263a5, 76a70aba1089, b0559e52f403, b8e16bef6b5d, f8fe30a50562, fa6c983080be, 21be3979d342, 3ea186dddc9e, a123018955ef, 995ab636fa6c, 0647f16883e5, da24e5e19051, 92dfc4066f6a, 6de92a052035, 19eb30b92a47, 5c4c8ec286e4, 519c5f11ceb0, 68ea2d45491d, 291717da4cf3, e1cde70ed792, a1a652bcf5ad, 9a88842681b9, fcefc5082599, ffed67a09768, 5762ce880f37, ac47fc1c16c8, 9283aff9987d, 686f8235c59a, 89fc2109e374, f8f9fd442518, 24154532f1bd, a1aebac90012, 52aedaa3efd4, ca372434b824, b77978017e01, 37a72985e0e5, e9e337ccf8d9, efb7f18cbc47, 4a7b79458870, 6706f01eb11f, aba9b8c9ea3e, 3cece5bc1d65, 1150b0449636, a89e07998e3c, 7976f1836587, 01844e738672, 55ec0e708a30, 81ec4141862a, 1dec48e8408b
2026-03-19T14:41:16.828Z [DEBUG] [Lingo.dev] [BUSY] Server is now busy (1 active)
2026-03-19T14:41:17.311Z [DEBUG] [Lingo.dev] [IDLE] Server is now idle
2026-03-19T14:41:17.723Z [INFO] [Lingo.dev] 📥 Received: POST /translations/hi
2026-03-19T14:41:17.766Z [INFO] [Lingo.dev] 🔄 Processing: POST /translations/hi
2026-03-19T14:41:17.770Z [DEBUG] [Lingo.dev] POST /translations/hi
2026-03-19T14:41:17.800Z [DEBUG] [Lingo.dev] Reading request body...
2026-03-19T14:41:17.803Z [DEBUG] [Lingo.dev] Chunk read, body: {"hashes":["af0157f49bb4","6bc4a3fbbbd9","c73ca5b57998","2d4c45faacb1","a304843ea43f","3d7f0935037d","541e49032ded","f5417482c9b5","480f1e3147df","7b2abcc7025a","5764db8b0c92","5c3f20262466","1c689f4dba1f","6e28d7156813","a4863b844419","8b94f64e0582","f51f0dc76e5f","89940786ba4d","70fab5889ebc","d96e7c1a02cb","dbc6f54bdcd7","8d2ed3855a40","e19bbe03e9e9","2ae89e6ef8eb","dede596ac8bf","6645ecb905fb","ae008305ee44","42cb9f6ddbc4","c674fb2169e5","ffe9ec4e8b53","d944af233ccd","0386fb451562","32f76ffbbd04","91e40552690f","a508ed92f72d","ad5bec56bec3","b2430d2a9693","27d981d93452","40d69de609b8"]}
2026-03-19T14:41:17.804Z [DEBUG] [Lingo.dev] Parsed hashes: af0157f49bb4,6bc4a3fbbbd9,c73ca5b57998,2d4c45faacb1,a304843ea43f,3d7f0935037d,541e49032ded,f5417482c9b5,480f1e3147df,7b2abcc7025a,5764db8b0c92,5c3f20262466,1c689f4dba1f,6e28d7156813,a4863b844419,8b94f64e0582,f51f0dc76e5f,89940786ba4d,70fab5889ebc,d96e7c1a02cb,dbc6f54bdcd7,8d2ed3855a40,e19bbe03e9e9,2ae89e6ef8eb,dede596ac8bf,6645ecb905fb,ae008305ee44,42cb9f6ddbc4,c674fb2169e5,ffe9ec4e8b53,d944af233ccd,0386fb451562,32f76ffbbd04,91e40552690f,a508ed92f72d,ad5bec56bec3,b2430d2a9693,27d981d93452,40d69de609b8
2026-03-19T14:41:17.805Z [DEBUG] [Lingo.dev] Reloaded metadata: 9 entries
2026-03-19T14:41:17.806Z [INFO] [Lingo.dev] 🔄 Translating 39 hashes to hi
2026-03-19T14:41:17.808Z [DEBUG] [Lingo.dev] 🔄 Hashes: af0157f49bb4, 6bc4a3fbbbd9, c73ca5b57998, 2d4c45faacb1, a304843ea43f, 3d7f0935037d, 541e49032ded, f5417482c9b5, 480f1e3147df, 7b2abcc7025a, 5764db8b0c92, 5c3f20262466, 1c689f4dba1f, 6e28d7156813, a4863b844419, 8b94f64e0582, f51f0dc76e5f, 89940786ba4d, 70fab5889ebc, d96e7c1a02cb, dbc6f54bdcd7, 8d2ed3855a40, e19bbe03e9e9, 2ae89e6ef8eb, dede596ac8bf, 6645ecb905fb, ae008305ee44, 42cb9f6ddbc4, c674fb2169e5, ffe9ec4e8b53, d944af233ccd, 0386fb451562, 32f76ffbbd04, 91e40552690f, a508ed92f72d, ad5bec56bec3, b2430d2a9693, 27d981d93452, 40d69de609b8
2026-03-19T14:41:17.809Z [DEBUG] [Lingo.dev] [BUSY] Server is now busy (1 active)
2026-03-19T14:41:18.110Z [INFO] [Lingo.dev] 📥 Received: POST /translations/hi
2026-03-19T14:41:18.145Z [INFO] [Lingo.dev] 🔄 Processing: POST /translations/hi
2026-03-19T14:41:18.165Z [DEBUG] [Lingo.dev] POST /translations/hi
2026-03-19T14:41:18.207Z [DEBUG] [Lingo.dev] Reading request body...
2026-03-19T14:41:18.247Z [DEBUG] [Lingo.dev] Chunk read, body: {"hashes":["3c417c6a1f85","e9e80bd223c8"]}
2026-03-19T14:41:18.290Z [DEBUG] [Lingo.dev] Parsed hashes: 3c417c6a1f85,e9e80bd223c8
2026-03-19T14:41:18.367Z [DEBUG] [Lingo.dev] Reloaded metadata: 9 entries
2026-03-19T14:41:18.379Z [INFO] [Lingo.dev] 🔄 Translating 2 hashes to hi
2026-03-19T14:41:18.443Z [DEBUG] [Lingo.dev] 🔄 Hashes: 3c417c6a1f85, e9e80bd223c8
2026-03-19T14:41:18.738Z [DEBUG] [Lingo.dev] [IDLE] Server is now idle
2026-03-19T14:41:18.946Z [INFO] [Lingo.dev] 📥 Received: POST /translations/hi
2026-03-19T14:41:18.952Z [INFO] [Lingo.dev] 🔄 Processing: POST /translations/hi
2026-03-19T14:41:18.954Z [DEBUG] [Lingo.dev] POST /translations/hi
2026-03-19T14:41:18.955Z [DEBUG] [Lingo.dev] Reading request body...
2026-03-19T14:41:18.955Z [DEBUG] [Lingo.dev] Chunk read, body: {"hashes":["bdbebc445195","d30a2163dd2e","ec74a9fb4cd8","ec1a7f1bd1f3","91c5b4fde7cf","fe2a948b54c6","61a45881016c","f73a0e6bacf5","0783b847bb10","b030902721d0"]}
2026-03-19T14:41:18.957Z [DEBUG] [Lingo.dev] Parsed hashes: bdbebc445195,d30a2163dd2e,ec74a9fb4cd8,ec1a7f1bd1f3,91c5b4fde7cf,fe2a948b54c6,61a45881016c,f73a0e6bacf5,0783b847bb10,b030902721d0
2026-03-19T14:41:18.957Z [DEBUG] [Lingo.dev] Reloaded metadata: 9 entries
2026-03-19T14:41:18.958Z [INFO] [Lingo.dev] 🔄 Translating 10 hashes to hi
2026-03-19T14:41:18.959Z [DEBUG] [Lingo.dev] 🔄 Hashes: bdbebc445195, d30a2163dd2e, ec74a9fb4cd8, ec1a7f1bd1f3, 91c5b4fde7cf, fe2a948b54c6, 61a45881016c, f73a0e6bacf5, 0783b847bb10, b030902721d0
2026-03-19T14:41:18.959Z [DEBUG] [Lingo.dev] [BUSY] Server is now busy (1 active)
2026-03-19T14:41:19.451Z [DEBUG] [Lingo.dev] [IDLE] Server is now idle
2026-03-19T14:41:23.132Z [INFO] [Lingo.dev] 📥 Received: POST /translations/hi
2026-03-19T14:41:23.158Z [INFO] [Lingo.dev] 🔄 Processing: POST /translations/hi
2026-03-19T14:41:23.162Z [DEBUG] [Lingo.dev] POST /translations/hi
2026-03-19T14:41:23.167Z [DEBUG] [Lingo.dev] Reading request body...
2026-03-19T14:41:23.170Z [DEBUG] [Lingo.dev] Chunk read, body: {"hashes":["3c417c6a1f85","e9e80bd223c8"]}
2026-03-19T14:41:23.179Z [DEBUG] [Lingo.dev] Parsed hashes: 3c417c6a1f85,e9e80bd223c8
2026-03-19T14:41:23.190Z [DEBUG] [Lingo.dev] Reloaded metadata: 9 entries
2026-03-19T14:41:23.202Z [INFO] [Lingo.dev] 🔄 Translating 2 hashes to hi
2026-03-19T14:41:23.207Z [DEBUG] [Lingo.dev] 🔄 Hashes: 3c417c6a1f85, e9e80bd223c8
2026-03-19T14:41:23.295Z [DEBUG] [Lingo.dev] [BUSY] Server is now busy (1 active)
2026-03-19T14:41:23.340Z [INFO] [Lingo.dev] 📥 Received: POST /translations/hi
2026-03-19T14:41:23.357Z [INFO] [Lingo.dev] 🔄 Processing: POST /translations/hi
2026-03-19T14:41:23.359Z [DEBUG] [Lingo.dev] POST /translations/hi
2026-03-19T14:41:23.361Z [DEBUG] [Lingo.dev] Reading request body...
2026-03-19T14:41:23.363Z [DEBUG] [Lingo.dev] Chunk read, body: {"hashes":["3c417c6a1f85","e9e80bd223c8"]}
2026-03-19T14:41:23.364Z [DEBUG] [Lingo.dev] Parsed hashes: 3c417c6a1f85,e9e80bd223c8
2026-03-19T14:41:23.366Z [DEBUG] [Lingo.dev] Reloaded metadata: 9 entries
2026-03-19T14:41:23.367Z [INFO] [Lingo.dev] 🔄 Translating 2 hashes to hi
2026-03-19T14:41:23.368Z [DEBUG] [Lingo.dev] 🔄 Hashes: 3c417c6a1f85, e9e80bd223c8
2026-03-19T14:41:23.810Z [DEBUG] [Lingo.dev] [IDLE] Server is now idle
2026-03-19T14:41:23.988Z [INFO] [Lingo.dev] 📥 Received: POST /translations/hi
2026-03-19T14:41:24.014Z [INFO] [Lingo.dev] 🔄 Processing: POST /translations/hi
2026-03-19T14:41:24.016Z [DEBUG] [Lingo.dev] POST /translations/hi
2026-03-19T14:41:24.017Z [DEBUG] [Lingo.dev] Reading request body...
2026-03-19T14:41:24.019Z [DEBUG] [Lingo.dev] Chunk read, body: {"hashes":["3c417c6a1f85","e9e80bd223c8"]}
2026-03-19T14:41:24.022Z [DEBUG] [Lingo.dev] Parsed hashes: 3c417c6a1f85,e9e80bd223c8
2026-03-19T14:41:24.024Z [DEBUG] [Lingo.dev] Reloaded metadata: 9 entries
2026-03-19T14:41:24.025Z [INFO] [Lingo.dev] 🔄 Translating 2 hashes to hi
2026-03-19T14:41:24.026Z [DEBUG] [Lingo.dev] 🔄 Hashes: 3c417c6a1f85, e9e80bd223c8
2026-03-19T14:41:24.027Z [DEBUG] [Lingo.dev] [BUSY] Server is now busy (1 active)
2026-03-19T14:41:24.042Z [INFO] [Lingo.dev] 📥 Received: OPTIONS /translations/hi
2026-03-19T14:41:24.052Z [INFO] [Lingo.dev] 🔄 Processing: OPTIONS /translations/hi
2026-03-19T14:41:24.053Z [DEBUG] [Lingo.dev] OPTIONS /translations/hi
2026-03-19T14:41:24.054Z [INFO] [Lingo.dev] 📥 Received: POST /translations/hi
2026-03-19T14:41:24.054Z [INFO] [Lingo.dev] 🔄 Processing: POST /translations/hi
2026-03-19T14:41:24.055Z [DEBUG] [Lingo.dev] POST /translations/hi
2026-03-19T14:41:24.056Z [DEBUG] [Lingo.dev] Reading request body...
2026-03-19T14:41:24.057Z [DEBUG] [Lingo.dev] Chunk read, body: {"hashes":["c037e047ac1e","058ff93b5b40","a0a30c7daf86","0be50eebdd3a","14914107e5a6","a2599375b6a5","7bc3bbe84e86","22acd8e5bf4d","091aeb3e2052","ae8abd5faf39","7d111caf2d95","030227031a9a","25282ee8534b","63df96687654","864e5465963b","9d486c9e85b9","16d2790fd0f6","b3dbee8118a6","48a4fe7e0a5d","1338b6be425e","15d904247f4c","5519f34daf63","6aa5db7c048d","d64ca1b0a06a","dd8b5bff1d7b","44daed99c448","0764251df7d7","d09399eb8bb4","5244cdfa83b0","62dd374c2de2","3b50d18eaff9","8d0f95b0caa8","feeede665cb3","5fc99a62bf16","069af8401102","22b50fc1e332","459f8d7cba8d","5a229912a483","a52d37ba1ef8","f06c06a36154","75b62edfc3a3","2564b6b35f40","c08b14bd0621","d55cb5c1f1a7","f4445e80d237","e434cf6c70b6","7b11fa04f45c","668f7ceffbd0","6c7f9f834e3b","b9e3c1faeb98","14c6967ebc9f","4cd9c764d0ac","d094ca58427b","928e4ab7582f","78a9c89eabc0","d5a0d873f9ec","16e954f1f4d2","8608f4804b04","8535ff973285","09410dafdb0b","6d2023cd7229","6304e92996f9","c6e015120068","e4ce5990e6bb","1c39d5ec8278","9bc602c0b043","792993256a19","c22504bf81e4","6fde7dc8d6fb","96252d862366","c7653b4f8c2b","979c462adde4","5a3e22635a66","108650372369","6918d25bd599","6e0484074113","8d5f02d8a61e","fa18761e8450","063b9f591fea","aa5cdf75046a","d821ae9c8b59","f3cca69dbcab","e2fbad4a92d0","da020e343aee","554835056d07","74e31d854dcb","c0c365c95c7d","4ac06fa10aba","027b3c10b0da","08a3f3e298e7","ded0df910a4d","26cc67ad4783","36a6bfd81861","63610f7fd5d1","a101d751e38f","a208e5965841","df303aa4b9a4","b167b441f984","189c491898ea","51b4efee9d6c","63a65c245e55","f26a4ba6b85f","95f2346c84e1","c034b750c4d3","76eb9c56ce19","6dcb796b30c1","36425b4a55a8"]}
2026-03-19T14:41:24.058Z [DEBUG] [Lingo.dev] Parsed hashes: c037e047ac1e,058ff93b5b40,a0a30c7daf86,0be50eebdd3a,14914107e5a6,a2599375b6a5,7bc3bbe84e86,22acd8e5bf4d,091aeb3e2052,ae8abd5faf39,7d111caf2d95,030227031a9a,25282ee8534b,63df96687654,864e5465963b,9d486c9e85b9,16d2790fd0f6,b3dbee8118a6,48a4fe7e0a5d,1338b6be425e,15d904247f4c,5519f34daf63,6aa5db7c048d,d64ca1b0a06a,dd8b5bff1d7b,44daed99c448,0764251df7d7,d09399eb8bb4,5244cdfa83b0,62dd374c2de2,3b50d18eaff9,8d0f95b0caa8,feeede665cb3,5fc99a62bf16,069af8401102,22b50fc1e332,459f8d7cba8d,5a229912a483,a52d37ba1ef8,f06c06a36154,75b62edfc3a3,2564b6b35f40,c08b14bd0621,d55cb5c1f1a7,f4445e80d237,e434cf6c70b6,7b11fa04f45c,668f7ceffbd0,6c7f9f834e3b,b9e3c1faeb98,14c6967ebc9f,4cd9c764d0ac,d094ca58427b,928e4ab7582f,78a9c89eabc0,d5a0d873f9ec,16e954f1f4d2,8608f4804b04,8535ff973285,09410dafdb0b,6d2023cd7229,6304e92996f9,c6e015120068,e4ce5990e6bb,1c39d5ec8278,9bc602c0b043,792993256a19,c22504bf81e4,6fde7dc8d6fb,96252d862366,c7653b4f8c2b,979c462adde4,5a3e22635a66,108650372369,6918d25bd599,6e0484074113,8d5f02d8a61e,fa18761e8450,063b9f591fea,aa5cdf75046a,d821ae9c8b59,f3cca69dbcab,e2fbad4a92d0,da020e343aee,554835056d07,74e31d854dcb,c0c365c95c7d,4ac06fa10aba,027b3c10b0da,08a3f3e298e7,ded0df910a4d,26cc67ad4783,36a6bfd81861,63610f7fd5d1,a101d751e38f,a208e5965841,df303aa4b9a4,b167b441f984,189c491898ea,51b4efee9d6c,63a65c245e55,f26a4ba6b85f,95f2346c84e1,c034b750c4d3,76eb9c56ce19,6dcb796b30c1,36425b4a55a8
2026-03-19T14:41:24.060Z [DEBUG] [Lingo.dev] Reloaded metadata: 9 entries
2026-03-19T14:41:24.061Z [INFO] [Lingo.dev] 🔄 Translating 107 hashes to hi
2026-03-19T14:41:24.063Z [DEBUG] [Lingo.dev] 🔄 Hashes: c037e047ac1e, 058ff93b5b40, a0a30c7daf86, 0be50eebdd3a, 14914107e5a6, a2599375b6a5, 7bc3bbe84e86, 22acd8e5bf4d, 091aeb3e2052, ae8abd5faf39, 7d111caf2d95, 030227031a9a, 25282ee8534b, 63df96687654, 864e5465963b, 9d486c9e85b9, 16d2790fd0f6, b3dbee8118a6, 48a4fe7e0a5d, 1338b6be425e, 15d904247f4c, 5519f34daf63, 6aa5db7c048d, d64ca1b0a06a, dd8b5bff1d7b, 44daed99c448, 0764251df7d7, d09399eb8bb4, 5244cdfa83b0, 62dd374c2de2, 3b50d18eaff9, 8d0f95b0caa8, feeede665cb3, 5fc99a62bf16, 069af8401102, 22b50fc1e332, 459f8d7cba8d, 5a229912a483, a52d37ba1ef8, f06c06a36154, 75b62edfc3a3, 2564b6b35f40, c08b14bd0621, d55cb5c1f1a7, f4445e80d237, e434cf6c70b6, 7b11fa04f45c, 668f7ceffbd0, 6c7f9f834e3b, b9e3c1faeb98, 14c6967ebc9f, 4cd9c764d0ac, d094ca58427b, 928e4ab7582f, 78a9c89eabc0, d5a0d873f9ec, 16e954f1f4d2, 8608f4804b04, 8535ff973285, 09410dafdb0b, 6d2023cd7229, 6304e92996f9, c6e015120068, e4ce5990e6bb, 1c39d5ec8278, 9bc602c0b043, 792993256a19, c22504bf81e4, 6fde7dc8d6fb, 96252d862366, c7653b4f8c2b, 979c462adde4, 5a3e22635a66, 108650372369, 6918d25bd599, 6e0484074113, 8d5f02d8a61e, fa18761e8450, 063b9f591fea, aa5cdf75046a, d821ae9c8b59, f3cca69dbcab, e2fbad4a92d0, da020e343aee, 554835056d07, 74e31d854dcb, c0c365c95c7d, 4ac06fa10aba, 027b3c10b0da, 08a3f3e298e7, ded0df910a4d, 26cc67ad4783, 36a6bfd81861, 63610f7fd5d1, a101d751e38f, a208e5965841, df303aa4b9a4, b167b441f984, 189c491898ea, 51b4efee9d6c, 63a65c245e55, f26a4ba6b85f, 95f2346c84e1, c034b750c4d3, 76eb9c56ce19, 6dcb796b30c1, 36425b4a55a8
2026-03-19T14:41:24.358Z [INFO] [Lingo.dev] 📥 Received: POST /translations/hi
2026-03-19T14:41:24.392Z [INFO] [Lingo.dev] 🔄 Processing: POST /translations/hi
2026-03-19T14:41:24.393Z [DEBUG] [Lingo.dev] POST /translations/hi
2026-03-19T14:41:24.395Z [DEBUG] [Lingo.dev] Reading request body...
2026-03-19T14:41:24.397Z [DEBUG] [Lingo.dev] Chunk read, body: {"hashes":["3c417c6a1f85","e9e80bd223c8"]}
2026-03-19T14:41:24.399Z [DEBUG] [Lingo.dev] Parsed hashes: 3c417c6a1f85,e9e80bd223c8
2026-03-19T14:41:24.401Z [DEBUG] [Lingo.dev] Reloaded metadata: 9 entries
2026-03-19T14:41:24.402Z [INFO] [Lingo.dev] 🔄 Translating 2 hashes to hi
2026-03-19T14:41:24.403Z [DEBUG] [Lingo.dev] 🔄 Hashes: 3c417c6a1f85, e9e80bd223c8
2026-03-19T14:41:24.868Z [DEBUG] [Lingo.dev] [IDLE] Server is now idle
2026-03-19T14:41:26.653Z [INFO] [Lingo.dev] 📥 Received: POST /translations/en
2026-03-19T14:41:26.669Z [INFO] [Lingo.dev] 🔄 Processing: POST /translations/en
2026-03-19T14:41:26.685Z [DEBUG] [Lingo.dev] POST /translations/en
2026-03-19T14:41:26.687Z [DEBUG] [Lingo.dev] Reading request body...
2026-03-19T14:41:26.688Z [DEBUG] [Lingo.dev] Chunk read, body: {"hashes":["3c417c6a1f85","e9e80bd223c8"]}
2026-03-19T14:41:26.690Z [DEBUG] [Lingo.dev] Parsed hashes: 3c417c6a1f85,e9e80bd223c8
2026-03-19T14:41:26.691Z [DEBUG] [Lingo.dev] Reloaded metadata: 9 entries
2026-03-19T14:41:26.692Z [INFO] [Lingo.dev] 🔄 Translating 2 hashes to en
2026-03-19T14:41:26.693Z [DEBUG] [Lingo.dev] 🔄 Hashes: 3c417c6a1f85, e9e80bd223c8
2026-03-19T14:41:26.694Z [DEBUG] [Lingo.dev] [BUSY] Server is now busy (1 active)
2026-03-19T14:41:26.798Z [INFO] [Lingo.dev] 📥 Received: POST /translations/en
2026-03-19T14:41:26.813Z [INFO] [Lingo.dev] 🔄 Processing: POST /translations/en
2026-03-19T14:41:26.829Z [DEBUG] [Lingo.dev] POST /translations/en
2026-03-19T14:41:26.831Z [DEBUG] [Lingo.dev] Reading request body...
2026-03-19T14:41:26.832Z [DEBUG] [Lingo.dev] Chunk read, body: {"hashes":["3c417c6a1f85","e9e80bd223c8"]}
2026-03-19T14:41:26.833Z [DEBUG] [Lingo.dev] Parsed hashes: 3c417c6a1f85,e9e80bd223c8
2026-03-19T14:41:26.834Z [DEBUG] [Lingo.dev] Reloaded metadata: 9 entries
2026-03-19T14:41:26.836Z [INFO] [Lingo.dev] 🔄 Translating 2 hashes to en
2026-03-19T14:41:26.837Z [DEBUG] [Lingo.dev] 🔄 Hashes: 3c417c6a1f85, e9e80bd223c8
2026-03-19T14:41:27.315Z [DEBUG] [Lingo.dev] [IDLE] Server is now idle
2026-03-19T14:41:28.470Z [INFO] [Lingo.dev] 📥 Received: POST /translations/en
2026-03-19T14:41:28.624Z [INFO] [Lingo.dev] 🔄 Processing: POST /translations/en
2026-03-19T14:41:28.672Z [DEBUG] [Lingo.dev] POST /translations/en
2026-03-19T14:41:28.677Z [DEBUG] [Lingo.dev] Reading request body...
2026-03-19T14:41:28.678Z [DEBUG] [Lingo.dev] Chunk read, body: {"hashes":["3c417c6a1f85","e9e80bd223c8"]}
2026-03-19T14:41:28.682Z [DEBUG] [Lingo.dev] Parsed hashes: 3c417c6a1f85,e9e80bd223c8
2026-03-19T14:41:28.691Z [DEBUG] [Lingo.dev] Reloaded metadata: 9 entries
2026-03-19T14:41:28.692Z [INFO] [Lingo.dev] 🔄 Translating 2 hashes to en
2026-03-19T14:41:28.694Z [DEBUG] [Lingo.dev] 🔄 Hashes: 3c417c6a1f85, e9e80bd223c8
2026-03-19T14:41:28.695Z [DEBUG] [Lingo.dev] [BUSY] Server is now busy (1 active)
2026-03-19T14:41:29.148Z [DEBUG] [Lingo.dev] [IDLE] Server is now idle
2026-03-19T14:41:29.728Z [INFO] [Lingo.dev] 📥 Received: OPTIONS /translations/en
2026-03-19T14:41:29.729Z [INFO] [Lingo.dev] 🔄 Processing: OPTIONS /translations/en
2026-03-19T14:41:29.738Z [DEBUG] [Lingo.dev] OPTIONS /translations/en
2026-03-19T14:41:29.739Z [INFO] [Lingo.dev] 📥 Received: POST /translations/en
2026-03-19T14:41:29.742Z [INFO] [Lingo.dev] 🔄 Processing: POST /translations/en
2026-03-19T14:41:29.744Z [DEBUG] [Lingo.dev] POST /translations/en
2026-03-19T14:41:29.744Z [DEBUG] [Lingo.dev] Reading request body...
2026-03-19T14:41:29.745Z [DEBUG] [Lingo.dev] Chunk read, body: {"hashes":["c037e047ac1e","058ff93b5b40","a0a30c7daf86","0be50eebdd3a","14914107e5a6","a2599375b6a5","7bc3bbe84e86","22acd8e5bf4d","091aeb3e2052","ae8abd5faf39","7d111caf2d95","030227031a9a","25282ee8534b","63df96687654","864e5465963b","9d486c9e85b9","16d2790fd0f6","b3dbee8118a6","48a4fe7e0a5d","1338b6be425e","15d904247f4c","5519f34daf63","6aa5db7c048d","d64ca1b0a06a","dd8b5bff1d7b","44daed99c448","0764251df7d7","d09399eb8bb4","5244cdfa83b0","62dd374c2de2","3b50d18eaff9","8d0f95b0caa8","feeede665cb3","5fc99a62bf16","069af8401102","22b50fc1e332","459f8d7cba8d","5a229912a483","a52d37ba1ef8","f06c06a36154","75b62edfc3a3","2564b6b35f40","c08b14bd0621","d55cb5c1f1a7","f4445e80d237","e434cf6c70b6","7b11fa04f45c","668f7ceffbd0","6c7f9f834e3b","b9e3c1faeb98","14c6967ebc9f","4cd9c764d0ac","d094ca58427b","928e4ab7582f","78a9c89eabc0","d5a0d873f9ec","16e954f1f4d2","8608f4804b04","8535ff973285","09410dafdb0b","6d2023cd7229","6304e92996f9","c6e015120068","e4ce5990e6bb","1c39d5ec8278","9bc602c0b043","792993256a19","c22504bf81e4","6fde7dc8d6fb","96252d862366","c7653b4f8c2b","979c462adde4","5a3e22635a66","108650372369","6918d25bd599","6e0484074113","8d5f02d8a61e","fa18761e8450","063b9f591fea","aa5cdf75046a","d821ae9c8b59","f3cca69dbcab","e2fbad4a92d0","da020e343aee","554835056d07","74e31d854dcb","c0c365c95c7d","4ac06fa10aba","027b3c10b0da","08a3f3e298e7","ded0df910a4d","26cc67ad4783","36a6bfd81861","63610f7fd5d1","a101d751e38f","a208e5965841","df303aa4b9a4","b167b441f984","189c491898ea","51b4efee9d6c","63a65c245e55","f26a4ba6b85f","95f2346c84e1","c034b750c4d3","76eb9c56ce19","6dcb796b30c1","36425b4a55a8"]}
2026-03-19T14:41:29.746Z [DEBUG] [Lingo.dev] Parsed hashes: c037e047ac1e,058ff93b5b40,a0a30c7daf86,0be50eebdd3a,14914107e5a6,a2599375b6a5,7bc3bbe84e86,22acd8e5bf4d,091aeb3e2052,ae8abd5faf39,7d111caf2d95,030227031a9a,25282ee8534b,63df96687654,864e5465963b,9d486c9e85b9,16d2790fd0f6,b3dbee8118a6,48a4fe7e0a5d,1338b6be425e,15d904247f4c,5519f34daf63,6aa5db7c048d,d64ca1b0a06a,dd8b5bff1d7b,44daed99c448,0764251df7d7,d09399eb8bb4,5244cdfa83b0,62dd374c2de2,3b50d18eaff9,8d0f95b0caa8,feeede665cb3,5fc99a62bf16,069af8401102,22b50fc1e332,459f8d7cba8d,5a229912a483,a52d37ba1ef8,f06c06a36154,75b62edfc3a3,2564b6b35f40,c08b14bd0621,d55cb5c1f1a7,f4445e80d237,e434cf6c70b6,7b11fa04f45c,668f7ceffbd0,6c7f9f834e3b,b9e3c1faeb98,14c6967ebc9f,4cd9c764d0ac,d094ca58427b,928e4ab7582f,78a9c89eabc0,d5a0d873f9ec,16e954f1f4d2,8608f4804b04,8535ff973285,09410dafdb0b,6d2023cd7229,6304e92996f9,c6e015120068,e4ce5990e6bb,1c39d5ec8278,9bc602c0b043,792993256a19,c22504bf81e4,6fde7dc8d6fb,96252d862366,c7653b4f8c2b,979c462adde4,5a3e22635a66,108650372369,6918d25bd599,6e0484074113,8d5f02d8a61e,fa18761e8450,063b9f591fea,aa5cdf75046a,d821ae9c8b59,f3cca69dbcab,e2fbad4a92d0,da020e343aee,554835056d07,74e31d854dcb,c0c365c95c7d,4ac06fa10aba,027b3c10b0da,08a3f3e298e7,ded0df910a4d,26cc67ad4783,36a6bfd81861,63610f7fd5d1,a101d751e38f,a208e5965841,df303aa4b9a4,b167b441f984,189c491898ea,51b4efee9d6c,63a65c245e55,f26a4ba6b85f,95f2346c84e1,c034b750c4d3,76eb9c56ce19,6dcb796b30c1,36425b4a55a8
2026-03-19T14:41:29.746Z [DEBUG] [Lingo.dev] Reloaded metadata: 9 entries
2026-03-19T14:41:29.747Z [INFO] [Lingo.dev] 🔄 Translating 107 hashes to en
2026-03-19T14:41:29.748Z [DEBUG] [Lingo.dev] 🔄 Hashes: c037e047ac1e, 058ff93b5b40, a0a30c7daf86, 0be50eebdd3a, 14914107e5a6, a2599375b6a5, 7bc3bbe84e86, 22acd8e5bf4d, 091aeb3e2052, ae8abd5faf39, 7d111caf2d95, 030227031a9a, 25282ee8534b, 63df96687654, 864e5465963b, 9d486c9e85b9, 16d2790fd0f6, b3dbee8118a6, 48a4fe7e0a5d, 1338b6be425e, 15d904247f4c, 5519f34daf63, 6aa5db7c048d, d64ca1b0a06a, dd8b5bff1d7b, 44daed99c448, 0764251df7d7, d09399eb8bb4, 5244cdfa83b0, 62dd374c2de2, 3b50d18eaff9, 8d0f95b0caa8, feeede665cb3, 5fc99a62bf16, 069af8401102, 22b50fc1e332, 459f8d7cba8d, 5a229912a483, a52d37ba1ef8, f06c06a36154, 75b62edfc3a3, 2564b6b35f40, c08b14bd0621, d55cb5c1f1a7, f4445e80d237, e434cf6c70b6, 7b11fa04f45c, 668f7ceffbd0, 6c7f9f834e3b, b9e3c1faeb98, 14c6967ebc9f, 4cd9c764d0ac, d094ca58427b, 928e4ab7582f, 78a9c89eabc0, d5a0d873f9ec, 16e954f1f4d2, 8608f4804b04, 8535ff973285, 09410dafdb0b, 6d2023cd7229, 6304e92996f9, c6e015120068, e4ce5990e6bb, 1c39d5ec8278, 9bc602c0b043, 792993256a19, c22504bf81e4, 6fde7dc8d6fb, 96252d862366, c7653b4f8c2b, 979c462adde4, 5a3e22635a66, 108650372369, 6918d25bd599, 6e0484074113, 8d5f02d8a61e, fa18761e8450, 063b9f591fea, aa5cdf75046a, d821ae9c8b59, f3cca69dbcab, e2fbad4a92d0, da020e343aee, 554835056d07, 74e31d854dcb, c0c365c95c7d, 4ac06fa10aba, 027b3c10b0da, 08a3f3e298e7, ded0df910a4d, 26cc67ad4783, 36a6bfd81861, 63610f7fd5d1, a101d751e38f, a208e5965841, df303aa4b9a4, b167b441f984, 189c491898ea, 51b4efee9d6c, 63a65c245e55, f26a4ba6b85f, 95f2346c84e1, c034b750c4d3, 76eb9c56ce19, 6dcb796b30c1, 36425b4a55a8
2026-03-19T14:41:29.748Z [DEBUG] [Lingo.dev] [BUSY] Server is now busy (1 active)
2026-03-19T14:41:30.241Z [DEBUG] [Lingo.dev] [IDLE] Server is now idle
2026-03-19T16:23:21.669Z [INFO] [Lingo.dev] Port 60000 is available, starting new server...
2026-03-19T16:23:22.120Z [INFO] [Lingo.dev] 🔧 Initializing translator...
2026-03-19T16:23:22.172Z [DEBUG] [Lingo.dev] Starting translation server on port 60000
2026-03-19T16:23:22.175Z [INFO] [Lingo.dev] Translation server listening on http://127.0.0.1:60000
2026-03-19T16:23:22.176Z [INFO] [Lingo.dev] WebSocket server initialized
2026-03-19T16:23:41.759Z [INFO] [Lingo.dev] 📥 Received: POST /translations/en
2026-03-19T16:23:42.231Z [INFO] [Lingo.dev] 🔄 Processing: POST /translations/en
2026-03-19T16:23:42.359Z [DEBUG] [Lingo.dev] POST /translations/en
2026-03-19T16:23:42.371Z [DEBUG] [Lingo.dev] Reading request body...
2026-03-19T16:23:42.383Z [DEBUG] [Lingo.dev] Chunk read, body: {"hashes":["3c417c6a1f85","e9e80bd223c8"]}
2026-03-19T16:23:42.412Z [DEBUG] [Lingo.dev] Parsed hashes: 3c417c6a1f85,e9e80bd223c8
2026-03-19T16:23:42.427Z [DEBUG] [Lingo.dev] Reloaded metadata: 9 entries
2026-03-19T16:23:42.442Z [INFO] [Lingo.dev] 🔄 Translating 2 hashes to en
2026-03-19T16:23:42.451Z [DEBUG] [Lingo.dev] 🔄 Hashes: 3c417c6a1f85, e9e80bd223c8
2026-03-19T16:23:42.460Z [DEBUG] [Lingo.dev] [BUSY] Server is now busy (1 active)
2026-03-19T16:23:42.748Z [DEBUG] [Lingo.dev] [IDLE] Server is now idle
2026-03-19T16:23:44.046Z [INFO] [Lingo.dev] 📥 Received: OPTIONS /translations/en
2026-03-19T16:23:44.047Z [INFO] [Lingo.dev] 🔄 Processing: OPTIONS /translations/en
2026-03-19T16:23:44.048Z [DEBUG] [Lingo.dev] OPTIONS /translations/en
2026-03-19T16:23:44.052Z [INFO] [Lingo.dev] 📥 Received: POST /translations/en
2026-03-19T16:23:44.059Z [INFO] [Lingo.dev] 🔄 Processing: POST /translations/en
2026-03-19T16:23:44.062Z [DEBUG] [Lingo.dev] POST /translations/en
2026-03-19T16:23:44.063Z [DEBUG] [Lingo.dev] Reading request body...
2026-03-19T16:23:44.064Z [DEBUG] [Lingo.dev] Chunk read, body: {"hashes":["c037e047ac1e","058ff93b5b40","a0a30c7daf86","0be50eebdd3a","14914107e5a6","a2599375b6a5","7bc3bbe84e86","22acd8e5bf4d","091aeb3e2052","ae8abd5faf39","7d111caf2d95","030227031a9a","25282ee8534b","63df96687654","864e5465963b","9d486c9e85b9","16d2790fd0f6","b3dbee8118a6","48a4fe7e0a5d","1338b6be425e","15d904247f4c","5519f34daf63","6aa5db7c048d","d64ca1b0a06a","dd8b5bff1d7b","44daed99c448","0764251df7d7","d09399eb8bb4","5244cdfa83b0","62dd374c2de2","3b50d18eaff9","8d0f95b0caa8","feeede665cb3","5fc99a62bf16","069af8401102","22b50fc1e332","459f8d7cba8d","5a229912a483","a52d37ba1ef8","f06c06a36154","75b62edfc3a3","2564b6b35f40","c08b14bd0621","d55cb5c1f1a7","f4445e80d237","e434cf6c70b6","7b11fa04f45c","668f7ceffbd0","6c7f9f834e3b","b9e3c1faeb98","14c6967ebc9f","4cd9c764d0ac","d094ca58427b","928e4ab7582f","78a9c89eabc0","d5a0d873f9ec","16e954f1f4d2","8608f4804b04","8535ff973285","09410dafdb0b","6d2023cd7229","6304e92996f9","c6e015120068","e4ce5990e6bb","1c39d5ec8278","9bc602c0b043","792993256a19","c22504bf81e4","6fde7dc8d6fb","96252d862366","c7653b4f8c2b","979c462adde4","5a3e22635a66","108650372369","6918d25bd599","6e0484074113","8d5f02d8a61e","fa18761e8450","063b9f591fea","aa5cdf75046a","d821ae9c8b59","f3cca69dbcab","e2fbad4a92d0","da020e343aee","554835056d07","74e31d854dcb","c0c365c95c7d","4ac06fa10aba","027b3c10b0da","08a3f3e298e7","ded0df910a4d","26cc67ad4783","36a6bfd81861","63610f7fd5d1","a101d751e38f","a208e5965841","df303aa4b9a4","b167b441f984","189c491898ea","51b4efee9d6c","63a65c245e55","f26a4ba6b85f","95f2346c84e1","c034b750c4d3","76eb9c56ce19","6dcb796b30c1","36425b4a55a8"]}
2026-03-19T16:23:44.066Z [DEBUG] [Lingo.dev] Parsed hashes: c037e047ac1e,058ff93b5b40,a0a30c7daf86,0be50eebdd3a,14914107e5a6,a2599375b6a5,7bc3bbe84e86,22acd8e5bf4d,091aeb3e2052,ae8abd5faf39,7d111caf2d95,030227031a9a,25282ee8534b,63df96687654,864e5465963b,9d486c9e85b9,16d2790fd0f6,b3dbee8118a6,48a4fe7e0a5d,1338b6be425e,15d904247f4c,5519f34daf63,6aa5db7c048d,d64ca1b0a06a,dd8b5bff1d7b,44daed99c448,0764251df7d7,d09399eb8bb4,5244cdfa83b0,62dd374c2de2,3b50d18eaff9,8d0f95b0caa8,feeede665cb3,5fc99a62bf16,069af8401102,22b50fc1e332,459f8d7cba8d,5a229912a483,a52d37ba1ef8,f06c06a36154,75b62edfc3a3,2564b6b35f40,c08b14bd0621,d55cb5c1f1a7,f4445e80d237,e434cf6c70b6,7b11fa04f45c,668f7ceffbd0,6c7f9f834e3b,b9e3c1faeb98,14c6967ebc9f,4cd9c764d0ac,d094ca58427b,928e4ab7582f,78a9c89eabc0,d5a0d873f9ec,16e954f1f4d2,8608f4804b04,8535ff973285,09410dafdb0b,6d2023cd7229,6304e92996f9,c6e015120068,e4ce5990e6bb,1c39d5ec8278,9bc602c0b043,792993256a19,c22504bf81e4,6fde7dc8d6fb,96252d862366,c7653b4f8c2b,979c462adde4,5a3e22635a66,108650372369,6918d25bd599,6e0484074113,8d5f02d8a61e,fa18761e8450,063b9f591fea,aa5cdf75046a,d821ae9c8b59,f3cca69dbcab,e2fbad4a92d0,da020e343aee,554835056d07,74e31d854dcb,c0c365c95c7d,4ac06fa10aba,027b3c10b0da,08a3f3e298e7,ded0df910a4d,26cc67ad4783,36a6bfd81861,63610f7fd5d1,a101d751e38f,a208e5965841,df303aa4b9a4,b167b441f984,189c491898ea,51b4efee9d6c,63a65c245e55,f26a4ba6b85f,95f2346c84e1,c034b750c4d3,76eb9c56ce19,6dcb796b30c1,36425b4a55a8
2026-03-19T16:23:44.067Z [DEBUG] [Lingo.dev] Reloaded metadata: 9 entries
2026-03-19T16:23:44.069Z [INFO] [Lingo.dev] 🔄 Translating 107 hashes to en
2026-03-19T16:23:44.071Z [DEBUG] [Lingo.dev] 🔄 Hashes: c037e047ac1e, 058ff93b5b40, a0a30c7daf86, 0be50eebdd3a, 14914107e5a6, a2599375b6a5, 7bc3bbe84e86, 22acd8e5bf4d, 091aeb3e2052, ae8abd5faf39, 7d111caf2d95, 030227031a9a, 25282ee8534b, 63df96687654, 864e5465963b, 9d486c9e85b9, 16d2790fd0f6, b3dbee8118a6, 48a4fe7e0a5d, 1338b6be425e, 15d904247f4c, 5519f34daf63, 6aa5db7c048d, d64ca1b0a06a, dd8b5bff1d7b, 44daed99c448, 0764251df7d7, d09399eb8bb4, 5244cdfa83b0, 62dd374c2de2, 3b50d18eaff9, 8d0f95b0caa8, feeede665cb3, 5fc99a62bf16, 069af8401102, 22b50fc1e332, 459f8d7cba8d, 5a229912a483, a52d37ba1ef8, f06c06a36154, 75b62edfc3a3, 2564b6b35f40, c08b14bd0621, d55cb5c1f1a7, f4445e80d237, e434cf6c70b6, 7b11fa04f45c, 668f7ceffbd0, 6c7f9f834e3b, b9e3c1faeb98, 14c6967ebc9f, 4cd9c764d0ac, d094ca58427b, 928e4ab7582f, 78a9c89eabc0, d5a0d873f9ec, 16e954f1f4d2, 8608f4804b04, 8535ff973285, 09410dafdb0b, 6d2023cd7229, 6304e92996f9, c6e015120068, e4ce5990e6bb, 1c39d5ec8278, 9bc602c0b043, 792993256a19, c22504bf81e4, 6fde7dc8d6fb, 96252d862366, c7653b4f8c2b, 979c462adde4, 5a3e22635a66, 108650372369, 6918d25bd599, 6e0484074113, 8d5f02d8a61e, fa18761e8450, 063b9f591fea, aa5cdf75046a, d821ae9c8b59, f3cca69dbcab, e2fbad4a92d0, da020e343aee, 554835056d07, 74e31d854dcb, c0c365c95c7d, 4ac06fa10aba, 027b3c10b0da, 08a3f3e298e7, ded0df910a4d, 26cc67ad4783, 36a6bfd81861, 63610f7fd5d1, a101d751e38f, a208e5965841, df303aa4b9a4, b167b441f984, 189c491898ea, 51b4efee9d6c, 63a65c245e55, f26a4ba6b85f, 95f2346c84e1, c034b750c4d3, 76eb9c56ce19, 6dcb796b30c1, 36425b4a55a8
2026-03-19T16:23:44.073Z [DEBUG] [Lingo.dev] [BUSY] Server is now busy (1 active)
2026-03-19T16:23:44.561Z [DEBUG] [Lingo.dev] [IDLE] Server is now idle
